# JRE version: Java(TM) SE Runtime Environment (21.0.1+12) (build 21.0.1+12-LTS-29)
# Java VM: Java HotSpot(TM) 64-Bit Server VM (21.0.1+12-LTS-29, mixed mode, sharing, tiered, compressed oops, compressed class ptrs, parallel gc, windows-amd64)
GC Precious Log:
 CardTable entry size: 512
 CPUs: 4 total, 4 available
 Memory: 16275M
 Large Page Support: Disabled
 NUMA Support: Disabled
 Compressed Oops: Enabled (32-bit)
 Alignments: Space 512K, Generation 512K, Heap 2M
 Heap Min Capacity: 100M
 Heap Initial Capacity: 100M
 Heap Max Capacity: 1G
 Pre-touch: Disabled
 Parallel Workers: 4
Heap:
 PSYoungGen      total 22528K, used 16847K [0x00000000eab00000, 0x00000000ec980000, 0x0000000100000000)
  eden space 20992K, 73% used [0x00000000eab00000,0x00000000eb9fbc38,0x00000000ebf80000)
  from space 1536K, 97% used [0x00000000ec400000,0x00000000ec578010,0x00000000ec580000)
  to   space 4608K, 0% used [0x00000000ebf80000,0x00000000ebf80000,0x00000000ec400000)
 ParOldGen       total 68608K, used 25112K [0x00000000c0000000, 0x00000000c4300000, 0x00000000eab00000)
  object space 68608K, 36% used [0x00000000c0000000,0x00000000c18861a8,0x00000000c4300000)
 Metaspace       used 30994K, committed 31808K, reserved 1114112K
  class space    used 3051K, committed 3456K, reserved 1048576K
GC Heap History (20 events):
Event: 7.241 GC heap before
{Heap before GC invocations=6 (full 0):
 PSYoungGen      total 29184K, used 13008K [0x00000000eab00000, 0x00000000ed080000, 0x0000000100000000)
  eden space 25088K, 35% used [0x00000000eab00000,0x00000000eb3ba128,0x00000000ec380000)
  from space 4096K, 99% used [0x00000000ec400000,0x00000000ec7fa160,0x00000000ec800000)
  to   space 6656K, 0% used [0x00000000eca00000,0x00000000eca00000,0x00000000ed080000)
 ParOldGen       total 68608K, used 5772K [0x00000000c0000000, 0x00000000c4300000, 0x00000000eab00000)
  object space 68608K, 8% used [0x00000000c0000000,0x00000000c05a33d0,0x00000000c4300000)
 Metaspace       used 20957K, committed 21504K, reserved 1114112K
  class space    used 1912K, committed 2112K, reserved 1048576K
}
Event: 7.249 GC heap after
{Heap after GC invocations=6 (full 0):
 PSYoungGen      total 29696K, used 4408K [0x00000000eab00000, 0x00000000ece80000, 0x0000000100000000)
  eden space 25088K, 0% used [0x00000000eab00000,0x00000000eab00000,0x00000000ec380000)
  from space 4608K, 95% used [0x00000000eca00000,0x00000000ece4e150,0x00000000ece80000)
  to   space 5120K, 0% used [0x00000000ec480000,0x00000000ec480000,0x00000000ec980000)
 ParOldGen       total 68608K, used 5772K [0x00000000c0000000, 0x00000000c4300000, 0x00000000eab00000)
  object space 68608K, 8% used [0x00000000c0000000,0x00000000c05a33d0,0x00000000c4300000)
 Metaspace       used 20957K, committed 21504K, reserved 1114112K
  class space    used 1912K, committed 2112K, reserved 1048576K
}
Event: 7.249 GC heap before
{Heap before GC invocations=7 (full 1):
 PSYoungGen      total 29696K, used 4408K [0x00000000eab00000, 0x00000000ece80000, 0x0000000100000000)
  eden space 25088K, 0% used [0x00000000eab00000,0x00000000eab00000,0x00000000ec380000)
  from space 4608K, 95% used [0x00000000eca00000,0x00000000ece4e150,0x00000000ece80000)
  to   space 5120K, 0% used [0x00000000ec480000,0x00000000ec480000,0x00000000ec980000)
 ParOldGen       total 68608K, used 5772K [0x00000000c0000000, 0x00000000c4300000, 0x00000000eab00000)
  object space 68608K, 8% used [0x00000000c0000000,0x00000000c05a33d0,0x00000000c4300000)
 Metaspace       used 20957K, committed 21504K, reserved 1114112K
  class space    used 1912K, committed 2112K, reserved 1048576K
}
Event: 7.293 GC heap after
{Heap after GC invocations=7 (full 1):
 PSYoungGen      total 29696K, used 0K [0x00000000eab00000, 0x00000000ece80000, 0x0000000100000000)
  eden space 25088K, 0% used [0x00000000eab00000,0x00000000eab00000,0x00000000ec380000)
  from space 4608K, 0% used [0x00000000eca00000,0x00000000eca00000,0x00000000ece80000)
  to   space 5120K, 0% used [0x00000000ec480000,0x00000000ec480000,0x00000000ec980000)
 ParOldGen       total 68608K, used 9863K [0x00000000c0000000, 0x00000000c4300000, 0x00000000eab00000)
  object space 68608K, 14% used [0x00000000c0000000,0x00000000c09a1c28,0x00000000c4300000)
 Metaspace       used 20945K, committed 21504K, reserved 1114112K
  class space    used 1909K, committed 2112K, reserved 1048576K
}
Event: 9.123 GC heap before
{Heap before GC invocations=8 (full 1):
 PSYoungGen      total 29696K, used 25088K [0x00000000eab00000, 0x00000000ece80000, 0x0000000100000000)
  eden space 25088K, 100% used [0x00000000eab00000,0x00000000ec380000,0x00000000ec380000)
  from space 4608K, 0% used [0x00000000eca00000,0x00000000eca00000,0x00000000ece80000)
  to   space 5120K, 0% used [0x00000000ec480000,0x00000000ec480000,0x00000000ec980000)
 ParOldGen       total 68608K, used 9863K [0x00000000c0000000, 0x00000000c4300000, 0x00000000eab00000)
  object space 68608K, 14% used [0x00000000c0000000,0x00000000c09a1c28,0x00000000c4300000)
 Metaspace       used 24598K, committed 25344K, reserved 1114112K
  class space    used 2307K, committed 2624K, reserved 1048576K
}
Event: 9.126 GC heap after
{Heap after GC invocations=8 (full 1):
 PSYoungGen      total 28160K, used 3087K [0x00000000eab00000, 0x00000000ecb00000, 0x0000000100000000)
  eden space 24576K, 0% used [0x00000000eab00000,0x00000000eab00000,0x00000000ec300000)
  from space 3584K, 86% used [0x00000000ec480000,0x00000000ec783dc0,0x00000000ec800000)
  to   space 3072K, 0% used [0x00000000ec800000,0x00000000ec800000,0x00000000ecb00000)
 ParOldGen       total 68608K, used 9871K [0x00000000c0000000, 0x00000000c4300000, 0x00000000eab00000)
  object space 68608K, 14% used [0x00000000c0000000,0x00000000c09a3c28,0x00000000c4300000)
 Metaspace       used 24598K, committed 25344K, reserved 1114112K
  class space    used 2307K, committed 2624K, reserved 1048576K
}
Event: 10.281 GC heap before
{Heap before GC invocations=9 (full 1):
 PSYoungGen      total 28160K, used 27663K [0x00000000eab00000, 0x00000000ecb00000, 0x0000000100000000)
  eden space 24576K, 100% used [0x00000000eab00000,0x00000000ec300000,0x00000000ec300000)
  from space 3584K, 86% used [0x00000000ec480000,0x00000000ec783dc0,0x00000000ec800000)
  to   space 3072K, 0% used [0x00000000ec800000,0x00000000ec800000,0x00000000ecb00000)
 ParOldGen       total 68608K, used 9871K [0x00000000c0000000, 0x00000000c4300000, 0x00000000eab00000)
  object space 68608K, 14% used [0x00000000c0000000,0x00000000c09a3c28,0x00000000c4300000)
 Metaspace       used 27659K, committed 28416K, reserved 1114112K
  class space    used 2669K, committed 3008K, reserved 1048576K
}
Event: 10.286 GC heap after
{Heap after GC invocations=9 (full 1):
 PSYoungGen      total 27136K, used 3058K [0x00000000eab00000, 0x00000000ecc80000, 0x0000000100000000)
  eden space 24064K, 0% used [0x00000000eab00000,0x00000000eab00000,0x00000000ec280000)
  from space 3072K, 99% used [0x00000000ec800000,0x00000000ecafc908,0x00000000ecb00000)
  to   space 5120K, 0% used [0x00000000ec280000,0x00000000ec280000,0x00000000ec780000)
 ParOldGen       total 68608K, used 11512K [0x00000000c0000000, 0x00000000c4300000, 0x00000000eab00000)
  object space 68608K, 16% used [0x00000000c0000000,0x00000000c0b3e198,0x00000000c4300000)
 Metaspace       used 27659K, committed 28416K, reserved 1114112K
  class space    used 2669K, committed 3008K, reserved 1048576K
}
Event: 11.071 GC heap before
{Heap before GC invocations=10 (full 1):
 PSYoungGen      total 27136K, used 27122K [0x00000000eab00000, 0x00000000ecc80000, 0x0000000100000000)
  eden space 24064K, 99% used [0x00000000eab00000,0x00000000ec27fff8,0x00000000ec280000)
  from space 3072K, 99% used [0x00000000ec800000,0x00000000ecafc908,0x00000000ecb00000)
  to   space 5120K, 0% used [0x00000000ec280000,0x00000000ec280000,0x00000000ec780000)
 ParOldGen       total 68608K, used 11512K [0x00000000c0000000, 0x00000000c4300000, 0x00000000eab00000)
  object space 68608K, 16% used [0x00000000c0000000,0x00000000c0b3e198,0x00000000c4300000)
 Metaspace       used 30101K, committed 31040K, reserved 1114112K
  class space    used 2945K, committed 3392K, reserved 1048576K
}
Event: 11.077 GC heap after
{Heap after GC invocations=10 (full 1):
 PSYoungGen      total 28672K, used 4656K [0x00000000eab00000, 0x00000000ecc00000, 0x0000000100000000)
  eden space 23552K, 0% used [0x00000000eab00000,0x00000000eab00000,0x00000000ec200000)
  from space 5120K, 90% used [0x00000000ec280000,0x00000000ec70c1e8,0x00000000ec780000)
  to   space 4608K, 0% used [0x00000000ec780000,0x00000000ec780000,0x00000000ecc00000)
 ParOldGen       total 68608K, used 12301K [0x00000000c0000000, 0x00000000c4300000, 0x00000000eab00000)
  object space 68608K, 17% used [0x00000000c0000000,0x00000000c0c036a8,0x00000000c4300000)
 Metaspace       used 30101K, committed 31040K, reserved 1114112K
  class space    used 2945K, committed 3392K, reserved 1048576K
}
Event: 11.715 GC heap before
{Heap before GC invocations=11 (full 1):
 PSYoungGen      total 28672K, used 28208K [0x00000000eab00000, 0x00000000ecc00000, 0x0000000100000000)
  eden space 23552K, 100% used [0x00000000eab00000,0x00000000ec200000,0x00000000ec200000)
  from space 5120K, 90% used [0x00000000ec280000,0x00000000ec70c1e8,0x00000000ec780000)
  to   space 4608K, 0% used [0x00000000ec780000,0x00000000ec780000,0x00000000ecc00000)
 ParOldGen       total 68608K, used 12301K [0x00000000c0000000, 0x00000000c4300000, 0x00000000eab00000)
  object space 68608K, 17% used [0x00000000c0000000,0x00000000c0c036a8,0x00000000c4300000)
 Metaspace       used 30303K, committed 31232K, reserved 1114112K
  class space    used 2966K, committed 3392K, reserved 1048576K
}
Event: 11.723 GC heap after
{Heap after GC invocations=11 (full 1):
 PSYoungGen      total 27648K, used 4308K [0x00000000eab00000, 0x00000000ecc00000, 0x0000000100000000)
  eden space 23040K, 0% used [0x00000000eab00000,0x00000000eab00000,0x00000000ec180000)
  from space 4608K, 93% used [0x00000000ec780000,0x00000000ecbb50b0,0x00000000ecc00000)
  to   space 4608K, 0% used [0x00000000ec300000,0x00000000ec300000,0x00000000ec780000)
 ParOldGen       total 68608K, used 14541K [0x00000000c0000000, 0x00000000c4300000, 0x00000000eab00000)
  object space 68608K, 21% used [0x00000000c0000000,0x00000000c0e33520,0x00000000c4300000)
 Metaspace       used 30303K, committed 31232K, reserved 1114112K
  class space    used 2966K, committed 3392K, reserved 1048576K
}
Event: 12.174 GC heap before
{Heap before GC invocations=12 (full 1):
 PSYoungGen      total 27648K, used 27348K [0x00000000eab00000, 0x00000000ecc00000, 0x0000000100000000)
  eden space 23040K, 100% used [0x00000000eab00000,0x00000000ec180000,0x00000000ec180000)
  from space 4608K, 93% used [0x00000000ec780000,0x00000000ecbb50b0,0x00000000ecc00000)
  to   space 4608K, 0% used [0x00000000ec300000,0x00000000ec300000,0x00000000ec780000)
 ParOldGen       total 68608K, used 14541K [0x00000000c0000000, 0x00000000c4300000, 0x00000000eab00000)
  object space 68608K, 21% used [0x00000000c0000000,0x00000000c0e33520,0x00000000c4300000)
 Metaspace       used 30377K, committed 31232K, reserved 1114112K
  class space    used 2979K, committed 3392K, reserved 1048576K
}
Event: 12.182 GC heap after
{Heap after GC invocations=12 (full 1):
 PSYoungGen      total 24576K, used 1984K [0x00000000eab00000, 0x00000000ec800000, 0x0000000100000000)
  eden space 22528K, 0% used [0x00000000eab00000,0x00000000eab00000,0x00000000ec100000)
  from space 2048K, 96% used [0x00000000ec300000,0x00000000ec4f0010,0x00000000ec500000)
  to   space 3072K, 0% used [0x00000000ec500000,0x00000000ec500000,0x00000000ec800000)
 ParOldGen       total 68608K, used 18755K [0x00000000c0000000, 0x00000000c4300000, 0x00000000eab00000)
  object space 68608K, 27% used [0x00000000c0000000,0x00000000c1250e90,0x00000000c4300000)
 Metaspace       used 30377K, committed 31232K, reserved 1114112K
  class space    used 2979K, committed 3392K, reserved 1048576K
}
Event: 12.353 GC heap before
{Heap before GC invocations=13 (full 1):
 PSYoungGen      total 24576K, used 24512K [0x00000000eab00000, 0x00000000ec800000, 0x0000000100000000)
  eden space 22528K, 100% used [0x00000000eab00000,0x00000000ec100000,0x00000000ec100000)
  from space 2048K, 96% used [0x00000000ec300000,0x00000000ec4f0010,0x00000000ec500000)
  to   space 3072K, 0% used [0x00000000ec500000,0x00000000ec500000,0x00000000ec800000)
 ParOldGen       total 68608K, used 18755K [0x00000000c0000000, 0x00000000c4300000, 0x00000000eab00000)
  object space 68608K, 27% used [0x00000000c0000000,0x00000000c1250e90,0x00000000c4300000)
 Metaspace       used 30378K, committed 31232K, reserved 1114112K
  class space    used 2979K, committed 3392K, reserved 1048576K
}
Event: 12.357 GC heap after
{Heap after GC invocations=13 (full 1):
 PSYoungGen      total 24064K, used 1984K [0x00000000eab00000, 0x00000000ec700000, 0x0000000100000000)
  eden space 22016K, 0% used [0x00000000eab00000,0x00000000eab00000,0x00000000ec080000)
  from space 2048K, 96% used [0x00000000ec500000,0x00000000ec6f0000,0x00000000ec700000)
  to   space 2560K, 0% used [0x00000000ec200000,0x00000000ec200000,0x00000000ec480000)
 ParOldGen       total 68608K, used 20696K [0x00000000c0000000, 0x00000000c4300000, 0x00000000eab00000)
  object space 68608K, 30% used [0x00000000c0000000,0x00000000c14361a8,0x00000000c4300000)
 Metaspace       used 30378K, committed 31232K, reserved 1114112K
  class space    used 2979K, committed 3392K, reserved 1048576K
}
Event: 12.441 GC heap before
{Heap before GC invocations=14 (full 1):
 PSYoungGen      total 24064K, used 23781K [0x00000000eab00000, 0x00000000ec700000, 0x0000000100000000)
  eden space 22016K, 99% used [0x00000000eab00000,0x00000000ec049460,0x00000000ec080000)
  from space 2048K, 96% used [0x00000000ec500000,0x00000000ec6f0000,0x00000000ec700000)
  to   space 2560K, 0% used [0x00000000ec200000,0x00000000ec200000,0x00000000ec480000)
 ParOldGen       total 68608K, used 20696K [0x00000000c0000000, 0x00000000c4300000, 0x00000000eab00000)
  object space 68608K, 30% used [0x00000000c0000000,0x00000000c14361a8,0x00000000c4300000)
 Metaspace       used 30378K, committed 31232K, reserved 1114112K
  class space    used 2979K, committed 3392K, reserved 1048576K
}
Event: 12.446 GC heap after
{Heap after GC invocations=14 (full 1):
 PSYoungGen      total 24064K, used 2016K [0x00000000eab00000, 0x00000000ec580000, 0x0000000100000000)
  eden space 22016K, 0% used [0x00000000eab00000,0x00000000eab00000,0x00000000ec080000)
  from space 2048K, 98% used [0x00000000ec200000,0x00000000ec3f8000,0x00000000ec400000)
  to   space 1536K, 0% used [0x00000000ec400000,0x00000000ec400000,0x00000000ec580000)
 ParOldGen       total 68608K, used 22608K [0x00000000c0000000, 0x00000000c4300000, 0x00000000eab00000)
  object space 68608K, 32% used [0x00000000c0000000,0x00000000c16141a8,0x00000000c4300000)
 Metaspace       used 30378K, committed 31232K, reserved 1114112K
  class space    used 2979K, committed 3392K, reserved 1048576K
}
Event: 12.565 GC heap before
{Heap before GC invocations=15 (full 1):
 PSYoungGen      total 24064K, used 24032K [0x00000000eab00000, 0x00000000ec580000, 0x0000000100000000)
  eden space 22016K, 100% used [0x00000000eab00000,0x00000000ec080000,0x00000000ec080000)
  from space 2048K, 98% used [0x00000000ec200000,0x00000000ec3f8000,0x00000000ec400000)
  to   space 1536K, 0% used [0x00000000ec400000,0x00000000ec400000,0x00000000ec580000)
 ParOldGen       total 68608K, used 22608K [0x00000000c0000000, 0x00000000c4300000, 0x00000000eab00000)
  object space 68608K, 32% used [0x00000000c0000000,0x00000000c16141a8,0x00000000c4300000)
 Metaspace       used 30378K, committed 31232K, reserved 1114112K
  class space    used 2979K, committed 3392K, reserved 1048576K
}
Event: 12.575 GC heap after
{Heap after GC invocations=15 (full 1):
 PSYoungGen      total 22528K, used 1504K [0x00000000eab00000, 0x00000000ec980000, 0x0000000100000000)
  eden space 20992K, 0% used [0x00000000eab00000,0x00000000eab00000,0x00000000ebf80000)
  from space 1536K, 97% used [0x00000000ec400000,0x00000000ec578010,0x00000000ec580000)
  to   space 4608K, 0% used [0x00000000ebf80000,0x00000000ebf80000,0x00000000ec400000)
 ParOldGen       total 68608K, used 25112K [0x00000000c0000000, 0x00000000c4300000, 0x00000000eab00000)
  object space 68608K, 36% used [0x00000000c0000000,0x00000000c18861a8,0x00000000c4300000)
 Metaspace       used 30378K, committed 31232K, reserved 1114112K
  class space    used 2979K, committed 3392K, reserved 1048576K
}

