# JRE version: Java(TM) SE Runtime Environment (21.0.1+12) (build 21.0.1+12-LTS-29)
# Java VM: Java HotSpot(TM) 64-Bit Server VM (21.0.1+12-LTS-29, mixed mode, sharing, tiered, compressed oops, compressed class ptrs, parallel gc, windows-amd64)
GC Precious Log:
 CardTable entry size: 512
 CPUs: 4 total, 4 available
 Memory: 16275M
 Large Page Support: Disabled
 NUMA Support: Disabled
 Compressed Oops: Enabled (32-bit)
 Alignments: Space 512K, Generation 512K, Heap 2M
 Heap Min Capacity: 100M
 Heap Initial Capacity: 100M
 Heap Max Capacity: 1G
 Pre-touch: Disabled
 Parallel Workers: 4
Heap:
 PSYoungGen      total 23040K, used 4472K [0x00000000eab00000, 0x00000000ec500000, 0x0000000100000000)
  eden space 22016K, 15% used [0x00000000eab00000,0x00000000eae68188,0x00000000ec080000)
  from space 1024K, 96% used [0x00000000ec400000,0x00000000ec4f6248,0x00000000ec500000)
  to   space 2048K, 0% used [0x00000000ec100000,0x00000000ec100000,0x00000000ec300000)
 ParOldGen       total 68608K, used 29361K [0x00000000c0000000, 0x00000000c4300000, 0x00000000eab00000)
  object space 68608K, 42% used [0x00000000c0000000,0x00000000c1cac670,0x00000000c4300000)
 Metaspace       used 33446K, committed 34304K, reserved 1114112K
  class space    used 3324K, committed 3712K, reserved 1048576K
GC Heap History (20 events):
Event: 7.883 GC heap before
{Heap before GC invocations=8 (full 1):
 PSYoungGen      total 29696K, used 25088K [0x00000000eab00000, 0x00000000ece80000, 0x0000000100000000)
  eden space 25088K, 100% used [0x00000000eab00000,0x00000000ec380000,0x00000000ec380000)
  from space 4608K, 0% used [0x00000000eca00000,0x00000000eca00000,0x00000000ece80000)
  to   space 5632K, 0% used [0x00000000ec380000,0x00000000ec380000,0x00000000ec900000)
 ParOldGen       total 68608K, used 10226K [0x00000000c0000000, 0x00000000c4300000, 0x00000000eab00000)
  object space 68608K, 14% used [0x00000000c0000000,0x00000000c09fca90,0x00000000c4300000)
 Metaspace       used 24419K, committed 25152K, reserved 1114112K
  class space    used 2285K, committed 2560K, reserved 1048576K
}
Event: 7.886 GC heap after
{Heap after GC invocations=8 (full 1):
 PSYoungGen      total 27648K, used 2992K [0x00000000eab00000, 0x00000000ecb00000, 0x0000000100000000)
  eden space 24576K, 0% used [0x00000000eab00000,0x00000000eab00000,0x00000000ec300000)
  from space 3072K, 97% used [0x00000000ec380000,0x00000000ec66c2e8,0x00000000ec680000)
  to   space 4096K, 0% used [0x00000000ec700000,0x00000000ec700000,0x00000000ecb00000)
 ParOldGen       total 68608K, used 10234K [0x00000000c0000000, 0x00000000c4300000, 0x00000000eab00000)
  object space 68608K, 14% used [0x00000000c0000000,0x00000000c09fea90,0x00000000c4300000)
 Metaspace       used 24419K, committed 25152K, reserved 1114112K
  class space    used 2285K, committed 2560K, reserved 1048576K
}
Event: 8.525 GC heap before
{Heap before GC invocations=9 (full 1):
 PSYoungGen      total 27648K, used 27568K [0x00000000eab00000, 0x00000000ecb00000, 0x0000000100000000)
  eden space 24576K, 100% used [0x00000000eab00000,0x00000000ec300000,0x00000000ec300000)
  from space 3072K, 97% used [0x00000000ec380000,0x00000000ec66c2e8,0x00000000ec680000)
  to   space 4096K, 0% used [0x00000000ec700000,0x00000000ec700000,0x00000000ecb00000)
 ParOldGen       total 68608K, used 10234K [0x00000000c0000000, 0x00000000c4300000, 0x00000000eab00000)
  object space 68608K, 14% used [0x00000000c0000000,0x00000000c09fea90,0x00000000c4300000)
 Metaspace       used 27019K, committed 27840K, reserved 1114112K
  class space    used 2592K, committed 2944K, reserved 1048576K
}
Event: 8.529 GC heap after
{Heap after GC invocations=9 (full 1):
 PSYoungGen      total 27648K, used 4095K [0x00000000eab00000, 0x00000000ecc80000, 0x0000000100000000)
  eden space 23552K, 0% used [0x00000000eab00000,0x00000000eab00000,0x00000000ec200000)
  from space 4096K, 99% used [0x00000000ec700000,0x00000000ecaffe38,0x00000000ecb00000)
  to   space 5120K, 0% used [0x00000000ec200000,0x00000000ec200000,0x00000000ec700000)
 ParOldGen       total 68608K, used 10698K [0x00000000c0000000, 0x00000000c4300000, 0x00000000eab00000)
  object space 68608K, 15% used [0x00000000c0000000,0x00000000c0a72a90,0x00000000c4300000)
 Metaspace       used 27019K, committed 27840K, reserved 1114112K
  class space    used 2592K, committed 2944K, reserved 1048576K
}
Event: 10.212 GC heap before
{Heap before GC invocations=10 (full 1):
 PSYoungGen      total 27648K, used 27647K [0x00000000eab00000, 0x00000000ecc80000, 0x0000000100000000)
  eden space 23552K, 100% used [0x00000000eab00000,0x00000000ec200000,0x00000000ec200000)
  from space 4096K, 99% used [0x00000000ec700000,0x00000000ecaffe38,0x00000000ecb00000)
  to   space 5120K, 0% used [0x00000000ec200000,0x00000000ec200000,0x00000000ec700000)
 ParOldGen       total 68608K, used 10698K [0x00000000c0000000, 0x00000000c4300000, 0x00000000eab00000)
  object space 68608K, 15% used [0x00000000c0000000,0x00000000c0a72a90,0x00000000c4300000)
 Metaspace       used 30065K, committed 30912K, reserved 1114112K
  class space    used 2933K, committed 3328K, reserved 1048576K
}
Event: 10.218 GC heap after
{Heap after GC invocations=10 (full 1):
 PSYoungGen      total 28160K, used 5101K [0x00000000eab00000, 0x00000000ecf80000, 0x0000000100000000)
  eden space 23040K, 0% used [0x00000000eab00000,0x00000000eab00000,0x00000000ec180000)
  from space 5120K, 99% used [0x00000000ec200000,0x00000000ec6fb6e8,0x00000000ec700000)
  to   space 7168K, 0% used [0x00000000ec880000,0x00000000ec880000,0x00000000ecf80000)
 ParOldGen       total 68608K, used 12002K [0x00000000c0000000, 0x00000000c4300000, 0x00000000eab00000)
  object space 68608K, 17% used [0x00000000c0000000,0x00000000c0bb8a60,0x00000000c4300000)
 Metaspace       used 30065K, committed 30912K, reserved 1114112K
  class space    used 2933K, committed 3328K, reserved 1048576K
}
Event: 10.612 GC heap before
{Heap before GC invocations=11 (full 1):
 PSYoungGen      total 28160K, used 28141K [0x00000000eab00000, 0x00000000ecf80000, 0x0000000100000000)
  eden space 23040K, 100% used [0x00000000eab00000,0x00000000ec180000,0x00000000ec180000)
  from space 5120K, 99% used [0x00000000ec200000,0x00000000ec6fb6e8,0x00000000ec700000)
  to   space 7168K, 0% used [0x00000000ec880000,0x00000000ec880000,0x00000000ecf80000)
 ParOldGen       total 68608K, used 12002K [0x00000000c0000000, 0x00000000c4300000, 0x00000000eab00000)
  object space 68608K, 17% used [0x00000000c0000000,0x00000000c0bb8a60,0x00000000c4300000)
 Metaspace       used 30268K, committed 31104K, reserved 1114112K
  class space    used 2965K, committed 3328K, reserved 1048576K
}
Event: 10.620 GC heap after
{Heap after GC invocations=11 (full 1):
 PSYoungGen      total 26112K, used 3307K [0x00000000eab00000, 0x00000000ecc00000, 0x0000000100000000)
  eden space 22528K, 0% used [0x00000000eab00000,0x00000000eab00000,0x00000000ec100000)
  from space 3584K, 92% used [0x00000000ec880000,0x00000000ecbbaff0,0x00000000ecc00000)
  to   space 4608K, 0% used [0x00000000ec300000,0x00000000ec300000,0x00000000ec780000)
 ParOldGen       total 68608K, used 15745K [0x00000000c0000000, 0x00000000c4300000, 0x00000000eab00000)
  object space 68608K, 22% used [0x00000000c0000000,0x00000000c0f60458,0x00000000c4300000)
 Metaspace       used 30268K, committed 31104K, reserved 1114112K
  class space    used 2965K, committed 3328K, reserved 1048576K
}
Event: 10.751 GC heap before
{Heap before GC invocations=12 (full 1):
 PSYoungGen      total 26112K, used 25714K [0x00000000eab00000, 0x00000000ecc00000, 0x0000000100000000)
  eden space 22528K, 99% used [0x00000000eab00000,0x00000000ec0e1a38,0x00000000ec100000)
  from space 3584K, 92% used [0x00000000ec880000,0x00000000ecbbaff0,0x00000000ecc00000)
  to   space 4608K, 0% used [0x00000000ec300000,0x00000000ec300000,0x00000000ec780000)
 ParOldGen       total 68608K, used 15745K [0x00000000c0000000, 0x00000000c4300000, 0x00000000eab00000)
  object space 68608K, 22% used [0x00000000c0000000,0x00000000c0f60458,0x00000000c4300000)
 Metaspace       used 30352K, committed 31168K, reserved 1114112K
  class space    used 2967K, committed 3328K, reserved 1048576K
}
Event: 10.758 GC heap after
{Heap after GC invocations=12 (full 1):
 PSYoungGen      total 24064K, used 1824K [0x00000000eab00000, 0x00000000ec900000, 0x0000000100000000)
  eden space 22016K, 0% used [0x00000000eab00000,0x00000000eab00000,0x00000000ec080000)
  from space 2048K, 89% used [0x00000000ec300000,0x00000000ec4c8000,0x00000000ec500000)
  to   space 3072K, 0% used [0x00000000ec600000,0x00000000ec600000,0x00000000ec900000)
 ParOldGen       total 68608K, used 18998K [0x00000000c0000000, 0x00000000c4300000, 0x00000000eab00000)
  object space 68608K, 27% used [0x00000000c0000000,0x00000000c128dac8,0x00000000c4300000)
 Metaspace       used 30352K, committed 31168K, reserved 1114112K
  class space    used 2967K, committed 3328K, reserved 1048576K
}
Event: 10.883 GC heap before
{Heap before GC invocations=13 (full 1):
 PSYoungGen      total 24064K, used 23840K [0x00000000eab00000, 0x00000000ec900000, 0x0000000100000000)
  eden space 22016K, 100% used [0x00000000eab00000,0x00000000ec080000,0x00000000ec080000)
  from space 2048K, 89% used [0x00000000ec300000,0x00000000ec4c8000,0x00000000ec500000)
  to   space 3072K, 0% used [0x00000000ec600000,0x00000000ec600000,0x00000000ec900000)
 ParOldGen       total 68608K, used 18998K [0x00000000c0000000, 0x00000000c4300000, 0x00000000eab00000)
  object space 68608K, 27% used [0x00000000c0000000,0x00000000c128dac8,0x00000000c4300000)
 Metaspace       used 30408K, committed 31232K, reserved 1114112K
  class space    used 2980K, committed 3392K, reserved 1048576K
}
Event: 10.890 GC heap after
{Heap after GC invocations=13 (full 1):
 PSYoungGen      total 24064K, used 1984K [0x00000000eab00000, 0x00000000ec800000, 0x0000000100000000)
  eden space 22016K, 0% used [0x00000000eab00000,0x00000000eab00000,0x00000000ec080000)
  from space 2048K, 96% used [0x00000000ec600000,0x00000000ec7f0010,0x00000000ec800000)
  to   space 2048K, 0% used [0x00000000ec300000,0x00000000ec300000,0x00000000ec500000)
 ParOldGen       total 68608K, used 20766K [0x00000000c0000000, 0x00000000c4300000, 0x00000000eab00000)
  object space 68608K, 30% used [0x00000000c0000000,0x00000000c1447ac8,0x00000000c4300000)
 Metaspace       used 30408K, committed 31232K, reserved 1114112K
  class space    used 2980K, committed 3392K, reserved 1048576K
}
Event: 10.977 GC heap before
{Heap before GC invocations=14 (full 1):
 PSYoungGen      total 24064K, used 24000K [0x00000000eab00000, 0x00000000ec800000, 0x0000000100000000)
  eden space 22016K, 100% used [0x00000000eab00000,0x00000000ec080000,0x00000000ec080000)
  from space 2048K, 96% used [0x00000000ec600000,0x00000000ec7f0010,0x00000000ec800000)
  to   space 2048K, 0% used [0x00000000ec300000,0x00000000ec300000,0x00000000ec500000)
 ParOldGen       total 68608K, used 20766K [0x00000000c0000000, 0x00000000c4300000, 0x00000000eab00000)
  object space 68608K, 30% used [0x00000000c0000000,0x00000000c1447ac8,0x00000000c4300000)
 Metaspace       used 30409K, committed 31232K, reserved 1114112K
  class space    used 2980K, committed 3392K, reserved 1048576K
}
Event: 10.985 GC heap after
{Heap after GC invocations=14 (full 1):
 PSYoungGen      total 24064K, used 2016K [0x00000000eab00000, 0x00000000ec680000, 0x0000000100000000)
  eden space 22016K, 0% used [0x00000000eab00000,0x00000000eab00000,0x00000000ec080000)
  from space 2048K, 98% used [0x00000000ec300000,0x00000000ec4f8000,0x00000000ec500000)
  to   space 1536K, 0% used [0x00000000ec500000,0x00000000ec500000,0x00000000ec680000)
 ParOldGen       total 68608K, used 22683K [0x00000000c0000000, 0x00000000c4300000, 0x00000000eab00000)
  object space 68608K, 33% used [0x00000000c0000000,0x00000000c1626de0,0x00000000c4300000)
 Metaspace       used 30409K, committed 31232K, reserved 1114112K
  class space    used 2980K, committed 3392K, reserved 1048576K
}
Event: 11.138 GC heap before
{Heap before GC invocations=15 (full 1):
 PSYoungGen      total 24064K, used 24032K [0x00000000eab00000, 0x00000000ec680000, 0x0000000100000000)
  eden space 22016K, 100% used [0x00000000eab00000,0x00000000ec080000,0x00000000ec080000)
  from space 2048K, 98% used [0x00000000ec300000,0x00000000ec4f8000,0x00000000ec500000)
  to   space 1536K, 0% used [0x00000000ec500000,0x00000000ec500000,0x00000000ec680000)
 ParOldGen       total 68608K, used 22683K [0x00000000c0000000, 0x00000000c4300000, 0x00000000eab00000)
  object space 68608K, 33% used [0x00000000c0000000,0x00000000c1626de0,0x00000000c4300000)
 Metaspace       used 30409K, committed 31232K, reserved 1114112K
  class space    used 2980K, committed 3392K, reserved 1048576K
}
Event: 11.147 GC heap after
{Heap after GC invocations=15 (full 1):
 PSYoungGen      total 23552K, used 1536K [0x00000000eab00000, 0x00000000ec980000, 0x0000000100000000)
  eden space 22016K, 0% used [0x00000000eab00000,0x00000000eab00000,0x00000000ec080000)
  from space 1536K, 100% used [0x00000000ec500000,0x00000000ec680000,0x00000000ec680000)
  to   space 4608K, 0% used [0x00000000ec080000,0x00000000ec080000,0x00000000ec500000)
 ParOldGen       total 68608K, used 25307K [0x00000000c0000000, 0x00000000c4300000, 0x00000000eab00000)
  object space 68608K, 36% used [0x00000000c0000000,0x00000000c18b6df0,0x00000000c4300000)
 Metaspace       used 30409K, committed 31232K, reserved 1114112K
  class space    used 2980K, committed 3392K, reserved 1048576K
}
Event: 18.345 GC heap before
{Heap before GC invocations=16 (full 1):
 PSYoungGen      total 23552K, used 23552K [0x00000000eab00000, 0x00000000ec980000, 0x0000000100000000)
  eden space 22016K, 100% used [0x00000000eab00000,0x00000000ec080000,0x00000000ec080000)
  from space 1536K, 100% used [0x00000000ec500000,0x00000000ec680000,0x00000000ec680000)
  to   space 4608K, 0% used [0x00000000ec080000,0x00000000ec080000,0x00000000ec500000)
 ParOldGen       total 68608K, used 25307K [0x00000000c0000000, 0x00000000c4300000, 0x00000000eab00000)
  object space 68608K, 36% used [0x00000000c0000000,0x00000000c18b6df0,0x00000000c4300000)
 Metaspace       used 30961K, committed 31744K, reserved 1114112K
  class space    used 3044K, committed 3392K, reserved 1048576K
}
Event: 18.353 GC heap after
{Heap after GC invocations=16 (full 1):
 PSYoungGen      total 24576K, used 2560K [0x00000000eab00000, 0x00000000ec780000, 0x0000000100000000)
  eden space 22016K, 0% used [0x00000000eab00000,0x00000000eab00000,0x00000000ec080000)
  from space 2560K, 100% used [0x00000000ec080000,0x00000000ec300000,0x00000000ec300000)
  to   space 3584K, 0% used [0x00000000ec400000,0x00000000ec400000,0x00000000ec780000)
 ParOldGen       total 68608K, used 26835K [0x00000000c0000000, 0x00000000c4300000, 0x00000000eab00000)
  object space 68608K, 39% used [0x00000000c0000000,0x00000000c1a34df0,0x00000000c4300000)
 Metaspace       used 30961K, committed 31744K, reserved 1114112K
  class space    used 3044K, committed 3392K, reserved 1048576K
}
Event: 19.366 GC heap before
{Heap before GC invocations=17 (full 1):
 PSYoungGen      total 24576K, used 24556K [0x00000000eab00000, 0x00000000ec780000, 0x0000000100000000)
  eden space 22016K, 99% used [0x00000000eab00000,0x00000000ec07b310,0x00000000ec080000)
  from space 2560K, 100% used [0x00000000ec080000,0x00000000ec300000,0x00000000ec300000)
  to   space 3584K, 0% used [0x00000000ec400000,0x00000000ec400000,0x00000000ec780000)
 ParOldGen       total 68608K, used 26835K [0x00000000c0000000, 0x00000000c4300000, 0x00000000eab00000)
  object space 68608K, 39% used [0x00000000c0000000,0x00000000c1a34df0,0x00000000c4300000)
 Metaspace       used 33359K, committed 34240K, reserved 1114112K
  class space    used 3305K, committed 3712K, reserved 1048576K
}
Event: 19.372 GC heap after
{Heap after GC invocations=17 (full 1):
 PSYoungGen      total 23040K, used 984K [0x00000000eab00000, 0x00000000ec500000, 0x0000000100000000)
  eden space 22016K, 0% used [0x00000000eab00000,0x00000000eab00000,0x00000000ec080000)
  from space 1024K, 96% used [0x00000000ec400000,0x00000000ec4f6248,0x00000000ec500000)
  to   space 2048K, 0% used [0x00000000ec100000,0x00000000ec100000,0x00000000ec300000)
 ParOldGen       total 68608K, used 29361K [0x00000000c0000000, 0x00000000c4300000, 0x00000000eab00000)
  object space 68608K, 42% used [0x00000000c0000000,0x00000000c1cac670,0x00000000c4300000)
 Metaspace       used 33359K, committed 34240K, reserved 1114112K
  class space    used 3305K, committed 3712K, reserved 1048576K
}

