# JRE version: Java(TM) SE Runtime Environment (21.0.1+12) (build 21.0.1+12-LTS-29)
# Java VM: Java HotSpot(TM) 64-Bit Server VM (21.0.1+12-LTS-29, mixed mode, sharing, tiered, compressed oops, compressed class ptrs, parallel gc, windows-amd64)
GC Precious Log:
 CardTable entry size: 512
 CPUs: 4 total, 4 available
 Memory: 16275M
 Large Page Support: Disabled
 NUMA Support: Disabled
 Compressed Oops: Enabled (32-bit)
 Alignments: Space 512K, Generation 512K, Heap 2M
 Heap Min Capacity: 100M
 Heap Initial Capacity: 100M
 Heap Max Capacity: 1G
 Pre-touch: Disabled
 Parallel Workers: 4
Heap:
 PSYoungGen      total 23040K, used 8562K [0x00000000eab00000, 0x00000000ec780000, 0x0000000100000000)
  eden space 22016K, 34% used [0x00000000eab00000,0x00000000eb25ef08,0x00000000ec080000)
  from space 1024K, 99% used [0x00000000ec580000,0x00000000ec67d998,0x00000000ec680000)
  to   space 3584K, 0% used [0x00000000ec080000,0x00000000ec080000,0x00000000ec400000)
 ParOldGen       total 68608K, used 20421K [0x00000000c0000000, 0x00000000c4300000, 0x00000000eab00000)
  object space 68608K, 29% used [0x00000000c0000000,0x00000000c13f1620,0x00000000c4300000)
 Metaspace       used 44003K, committed 45056K, reserved 1114112K
  class space    used 4665K, committed 5120K, reserved 1048576K
GC Heap History (20 events):
Event: 9.972 GC heap before
{Heap before GC invocations=9 (full 1):
 PSYoungGen      total 28160K, used 24576K [0x00000000eab00000, 0x00000000ecb00000, 0x0000000100000000)
  eden space 24576K, 100% used [0x00000000eab00000,0x00000000ec300000,0x00000000ec300000)
  from space 3584K, 0% used [0x00000000ec480000,0x00000000ec480000,0x00000000ec800000)
  to   space 3072K, 0% used [0x00000000ec800000,0x00000000ec800000,0x00000000ecb00000)
 ParOldGen       total 68608K, used 12368K [0x00000000c0000000, 0x00000000c4300000, 0x00000000eab00000)
  object space 68608K, 18% used [0x00000000c0000000,0x00000000c0c14060,0x00000000c4300000)
 Metaspace       used 23353K, committed 24192K, reserved 1114112K
  class space    used 2223K, committed 2624K, reserved 1048576K
}
Event: 9.973 GC heap after
{Heap after GC invocations=9 (full 1):
 PSYoungGen      total 24576K, used 224K [0x00000000eab00000, 0x00000000ec880000, 0x0000000100000000)
  eden space 24064K, 0% used [0x00000000eab00000,0x00000000eab00000,0x00000000ec280000)
  from space 512K, 43% used [0x00000000ec800000,0x00000000ec838000,0x00000000ec880000)
  to   space 1536K, 0% used [0x00000000ec580000,0x00000000ec580000,0x00000000ec700000)
 ParOldGen       total 68608K, used 12376K [0x00000000c0000000, 0x00000000c4300000, 0x00000000eab00000)
  object space 68608K, 18% used [0x00000000c0000000,0x00000000c0c16060,0x00000000c4300000)
 Metaspace       used 23353K, committed 24192K, reserved 1114112K
  class space    used 2223K, committed 2624K, reserved 1048576K
}
Event: 10.490 GC heap before
{Heap before GC invocations=10 (full 1):
 PSYoungGen      total 24576K, used 24288K [0x00000000eab00000, 0x00000000ec880000, 0x0000000100000000)
  eden space 24064K, 100% used [0x00000000eab00000,0x00000000ec280000,0x00000000ec280000)
  from space 512K, 43% used [0x00000000ec800000,0x00000000ec838000,0x00000000ec880000)
  to   space 1536K, 0% used [0x00000000ec580000,0x00000000ec580000,0x00000000ec700000)
 ParOldGen       total 68608K, used 12376K [0x00000000c0000000, 0x00000000c4300000, 0x00000000eab00000)
  object space 68608K, 18% used [0x00000000c0000000,0x00000000c0c16060,0x00000000c4300000)
 Metaspace       used 25619K, committed 26368K, reserved 1114112K
  class space    used 2385K, committed 2752K, reserved 1048576K
}
Event: 10.493 GC heap after
{Heap after GC invocations=10 (full 1):
 PSYoungGen      total 25088K, used 1329K [0x00000000eab00000, 0x00000000ec880000, 0x0000000100000000)
  eden space 23552K, 0% used [0x00000000eab00000,0x00000000eab00000,0x00000000ec200000)
  from space 1536K, 86% used [0x00000000ec580000,0x00000000ec6cc658,0x00000000ec700000)
  to   space 1536K, 0% used [0x00000000ec700000,0x00000000ec700000,0x00000000ec880000)
 ParOldGen       total 68608K, used 13165K [0x00000000c0000000, 0x00000000c4300000, 0x00000000eab00000)
  object space 68608K, 19% used [0x00000000c0000000,0x00000000c0cdb570,0x00000000c4300000)
 Metaspace       used 25619K, committed 26368K, reserved 1114112K
  class space    used 2385K, committed 2752K, reserved 1048576K
}
Event: 11.782 GC heap before
{Heap before GC invocations=11 (full 1):
 PSYoungGen      total 25088K, used 24856K [0x00000000eab00000, 0x00000000ec880000, 0x0000000100000000)
  eden space 23552K, 99% used [0x00000000eab00000,0x00000000ec1f9ac8,0x00000000ec200000)
  from space 1536K, 86% used [0x00000000ec580000,0x00000000ec6cc658,0x00000000ec700000)
  to   space 1536K, 0% used [0x00000000ec700000,0x00000000ec700000,0x00000000ec880000)
 ParOldGen       total 68608K, used 13165K [0x00000000c0000000, 0x00000000c4300000, 0x00000000eab00000)
  object space 68608K, 19% used [0x00000000c0000000,0x00000000c0cdb570,0x00000000c4300000)
 Metaspace       used 28835K, committed 29632K, reserved 1114112K
  class space    used 2797K, committed 3136K, reserved 1048576K
}
Event: 11.785 GC heap after
{Heap after GC invocations=11 (full 1):
 PSYoungGen      total 24576K, used 1444K [0x00000000eab00000, 0x00000000ec880000, 0x0000000100000000)
  eden space 23040K, 0% used [0x00000000eab00000,0x00000000eab00000,0x00000000ec180000)
  from space 1536K, 94% used [0x00000000ec700000,0x00000000ec8693c8,0x00000000ec880000)
  to   space 1536K, 0% used [0x00000000ec580000,0x00000000ec580000,0x00000000ec700000)
 ParOldGen       total 68608K, used 14066K [0x00000000c0000000, 0x00000000c4300000, 0x00000000eab00000)
  object space 68608K, 20% used [0x00000000c0000000,0x00000000c0dbca80,0x00000000c4300000)
 Metaspace       used 28835K, committed 29632K, reserved 1114112K
  class space    used 2797K, committed 3136K, reserved 1048576K
}
Event: 13.712 GC heap before
{Heap before GC invocations=12 (full 1):
 PSYoungGen      total 24576K, used 24484K [0x00000000eab00000, 0x00000000ec880000, 0x0000000100000000)
  eden space 23040K, 100% used [0x00000000eab00000,0x00000000ec180000,0x00000000ec180000)
  from space 1536K, 94% used [0x00000000ec700000,0x00000000ec8693c8,0x00000000ec880000)
  to   space 1536K, 0% used [0x00000000ec580000,0x00000000ec580000,0x00000000ec700000)
 ParOldGen       total 68608K, used 14066K [0x00000000c0000000, 0x00000000c4300000, 0x00000000eab00000)
  object space 68608K, 20% used [0x00000000c0000000,0x00000000c0dbca80,0x00000000c4300000)
 Metaspace       used 31426K, committed 32320K, reserved 1114112K
  class space    used 3095K, committed 3456K, reserved 1048576K
}
Event: 13.715 GC heap after
{Heap after GC invocations=12 (full 1):
 PSYoungGen      total 23552K, used 928K [0x00000000eab00000, 0x00000000ec780000, 0x0000000100000000)
  eden space 22528K, 0% used [0x00000000eab00000,0x00000000eab00000,0x00000000ec100000)
  from space 1024K, 90% used [0x00000000ec580000,0x00000000ec668000,0x00000000ec680000)
  to   space 1024K, 0% used [0x00000000ec680000,0x00000000ec680000,0x00000000ec780000)
 ParOldGen       total 68608K, used 15480K [0x00000000c0000000, 0x00000000c4300000, 0x00000000eab00000)
  object space 68608K, 22% used [0x00000000c0000000,0x00000000c0f1e010,0x00000000c4300000)
 Metaspace       used 31426K, committed 32320K, reserved 1114112K
  class space    used 3095K, committed 3456K, reserved 1048576K
}
Event: 14.657 GC heap before
{Heap before GC invocations=13 (full 1):
 PSYoungGen      total 23552K, used 23456K [0x00000000eab00000, 0x00000000ec780000, 0x0000000100000000)
  eden space 22528K, 100% used [0x00000000eab00000,0x00000000ec100000,0x00000000ec100000)
  from space 1024K, 90% used [0x00000000ec580000,0x00000000ec668000,0x00000000ec680000)
  to   space 1024K, 0% used [0x00000000ec680000,0x00000000ec680000,0x00000000ec780000)
 ParOldGen       total 68608K, used 15480K [0x00000000c0000000, 0x00000000c4300000, 0x00000000eab00000)
  object space 68608K, 22% used [0x00000000c0000000,0x00000000c0f1e010,0x00000000c4300000)
 Metaspace       used 34041K, committed 35008K, reserved 1114112K
  class space    used 3405K, committed 3840K, reserved 1048576K
}
Event: 14.661 GC heap after
{Heap after GC invocations=13 (full 1):
 PSYoungGen      total 23040K, used 995K [0x00000000eab00000, 0x00000000ec780000, 0x0000000100000000)
  eden space 22016K, 0% used [0x00000000eab00000,0x00000000eab00000,0x00000000ec080000)
  from space 1024K, 97% used [0x00000000ec680000,0x00000000ec778ec8,0x00000000ec780000)
  to   space 2048K, 0% used [0x00000000ec380000,0x00000000ec380000,0x00000000ec580000)
 ParOldGen       total 68608K, used 16340K [0x00000000c0000000, 0x00000000c4300000, 0x00000000eab00000)
  object space 68608K, 23% used [0x00000000c0000000,0x00000000c0ff5270,0x00000000c4300000)
 Metaspace       used 34041K, committed 35008K, reserved 1114112K
  class space    used 3405K, committed 3840K, reserved 1048576K
}
Event: 14.934 GC heap before
{Heap before GC invocations=14 (full 1):
 PSYoungGen      total 23040K, used 7134K [0x00000000eab00000, 0x00000000ec780000, 0x0000000100000000)
  eden space 22016K, 27% used [0x00000000eab00000,0x00000000eb0fecd0,0x00000000ec080000)
  from space 1024K, 97% used [0x00000000ec680000,0x00000000ec778ec8,0x00000000ec780000)
  to   space 2048K, 0% used [0x00000000ec380000,0x00000000ec380000,0x00000000ec580000)
 ParOldGen       total 68608K, used 16340K [0x00000000c0000000, 0x00000000c4300000, 0x00000000eab00000)
  object space 68608K, 23% used [0x00000000c0000000,0x00000000c0ff5270,0x00000000c4300000)
 Metaspace       used 34908K, committed 35840K, reserved 1114112K
  class space    used 3506K, committed 3904K, reserved 1048576K
}
Event: 14.937 GC heap after
{Heap after GC invocations=14 (full 1):
 PSYoungGen      total 24064K, used 435K [0x00000000eab00000, 0x00000000ec700000, 0x0000000100000000)
  eden space 22016K, 0% used [0x00000000eab00000,0x00000000eab00000,0x00000000ec080000)
  from space 2048K, 21% used [0x00000000ec380000,0x00000000ec3ece00,0x00000000ec580000)
  to   space 1024K, 0% used [0x00000000ec600000,0x00000000ec600000,0x00000000ec700000)
 ParOldGen       total 68608K, used 17334K [0x00000000c0000000, 0x00000000c4300000, 0x00000000eab00000)
  object space 68608K, 25% used [0x00000000c0000000,0x00000000c10ed8e8,0x00000000c4300000)
 Metaspace       used 34908K, committed 35840K, reserved 1114112K
  class space    used 3506K, committed 3904K, reserved 1048576K
}
Event: 14.937 GC heap before
{Heap before GC invocations=15 (full 2):
 PSYoungGen      total 24064K, used 435K [0x00000000eab00000, 0x00000000ec700000, 0x0000000100000000)
  eden space 22016K, 0% used [0x00000000eab00000,0x00000000eab00000,0x00000000ec080000)
  from space 2048K, 21% used [0x00000000ec380000,0x00000000ec3ece00,0x00000000ec580000)
  to   space 1024K, 0% used [0x00000000ec600000,0x00000000ec600000,0x00000000ec700000)
 ParOldGen       total 68608K, used 17334K [0x00000000c0000000, 0x00000000c4300000, 0x00000000eab00000)
  object space 68608K, 25% used [0x00000000c0000000,0x00000000c10ed8e8,0x00000000c4300000)
 Metaspace       used 34908K, committed 35840K, reserved 1114112K
  class space    used 3506K, committed 3904K, reserved 1048576K
}
Event: 14.985 GC heap after
{Heap after GC invocations=15 (full 2):
 PSYoungGen      total 24064K, used 0K [0x00000000eab00000, 0x00000000ec700000, 0x0000000100000000)
  eden space 22016K, 0% used [0x00000000eab00000,0x00000000eab00000,0x00000000ec080000)
  from space 2048K, 0% used [0x00000000ec380000,0x00000000ec380000,0x00000000ec580000)
  to   space 1024K, 0% used [0x00000000ec600000,0x00000000ec600000,0x00000000ec700000)
 ParOldGen       total 68608K, used 17433K [0x00000000c0000000, 0x00000000c4300000, 0x00000000eab00000)
  object space 68608K, 25% used [0x00000000c0000000,0x00000000c1106450,0x00000000c4300000)
 Metaspace       used 34908K, committed 35840K, reserved 1114112K
  class space    used 3506K, committed 3904K, reserved 1048576K
}
Event: 15.515 GC heap before
{Heap before GC invocations=16 (full 2):
 PSYoungGen      total 24064K, used 22016K [0x00000000eab00000, 0x00000000ec700000, 0x0000000100000000)
  eden space 22016K, 100% used [0x00000000eab00000,0x00000000ec080000,0x00000000ec080000)
  from space 2048K, 0% used [0x00000000ec380000,0x00000000ec380000,0x00000000ec580000)
  to   space 1024K, 0% used [0x00000000ec600000,0x00000000ec600000,0x00000000ec700000)
 ParOldGen       total 68608K, used 17433K [0x00000000c0000000, 0x00000000c4300000, 0x00000000eab00000)
  object space 68608K, 25% used [0x00000000c0000000,0x00000000c1106450,0x00000000c4300000)
 Metaspace       used 37615K, committed 38592K, reserved 1114112K
  class space    used 3867K, committed 4288K, reserved 1048576K
}
Event: 15.517 GC heap after
{Heap after GC invocations=16 (full 2):
 PSYoungGen      total 23040K, used 1019K [0x00000000eab00000, 0x00000000ec700000, 0x0000000100000000)
  eden space 22016K, 0% used [0x00000000eab00000,0x00000000eab00000,0x00000000ec080000)
  from space 1024K, 99% used [0x00000000ec600000,0x00000000ec6fed68,0x00000000ec700000)
  to   space 1536K, 0% used [0x00000000ec400000,0x00000000ec400000,0x00000000ec580000)
 ParOldGen       total 68608K, used 17449K [0x00000000c0000000, 0x00000000c4300000, 0x00000000eab00000)
  object space 68608K, 25% used [0x00000000c0000000,0x00000000c110a450,0x00000000c4300000)
 Metaspace       used 37615K, committed 38592K, reserved 1114112K
  class space    used 3867K, committed 4288K, reserved 1048576K
}
Event: 16.532 GC heap before
{Heap before GC invocations=17 (full 2):
 PSYoungGen      total 23040K, used 23035K [0x00000000eab00000, 0x00000000ec700000, 0x0000000100000000)
  eden space 22016K, 100% used [0x00000000eab00000,0x00000000ec080000,0x00000000ec080000)
  from space 1024K, 99% used [0x00000000ec600000,0x00000000ec6fed68,0x00000000ec700000)
  to   space 1536K, 0% used [0x00000000ec400000,0x00000000ec400000,0x00000000ec580000)
 ParOldGen       total 68608K, used 17449K [0x00000000c0000000, 0x00000000c4300000, 0x00000000eab00000)
  object space 68608K, 25% used [0x00000000c0000000,0x00000000c110a450,0x00000000c4300000)
 Metaspace       used 40402K, committed 41408K, reserved 1114112K
  class space    used 4243K, committed 4672K, reserved 1048576K
}
Event: 16.537 GC heap after
{Heap after GC invocations=17 (full 2):
 PSYoungGen      total 23552K, used 1440K [0x00000000eab00000, 0x00000000ec680000, 0x0000000100000000)
  eden space 22016K, 0% used [0x00000000eab00000,0x00000000eab00000,0x00000000ec080000)
  from space 1536K, 93% used [0x00000000ec400000,0x00000000ec568000,0x00000000ec580000)
  to   space 1024K, 0% used [0x00000000ec580000,0x00000000ec580000,0x00000000ec680000)
 ParOldGen       total 68608K, used 18441K [0x00000000c0000000, 0x00000000c4300000, 0x00000000eab00000)
  object space 68608K, 26% used [0x00000000c0000000,0x00000000c1202430,0x00000000c4300000)
 Metaspace       used 40402K, committed 41408K, reserved 1114112K
  class space    used 4243K, committed 4672K, reserved 1048576K
}
Event: 18.046 GC heap before
{Heap before GC invocations=18 (full 2):
 PSYoungGen      total 23552K, used 23456K [0x00000000eab00000, 0x00000000ec680000, 0x0000000100000000)
  eden space 22016K, 100% used [0x00000000eab00000,0x00000000ec080000,0x00000000ec080000)
  from space 1536K, 93% used [0x00000000ec400000,0x00000000ec568000,0x00000000ec580000)
  to   space 1024K, 0% used [0x00000000ec580000,0x00000000ec580000,0x00000000ec680000)
 ParOldGen       total 68608K, used 18441K [0x00000000c0000000, 0x00000000c4300000, 0x00000000eab00000)
  object space 68608K, 26% used [0x00000000c0000000,0x00000000c1202430,0x00000000c4300000)
 Metaspace       used 43529K, committed 44608K, reserved 1114112K
  class space    used 4621K, committed 5120K, reserved 1048576K
}
Event: 18.050 GC heap after
{Heap after GC invocations=18 (full 2):
 PSYoungGen      total 23040K, used 1014K [0x00000000eab00000, 0x00000000ec780000, 0x0000000100000000)
  eden space 22016K, 0% used [0x00000000eab00000,0x00000000eab00000,0x00000000ec080000)
  from space 1024K, 99% used [0x00000000ec580000,0x00000000ec67d998,0x00000000ec680000)
  to   space 3584K, 0% used [0x00000000ec080000,0x00000000ec080000,0x00000000ec400000)
 ParOldGen       total 68608K, used 20421K [0x00000000c0000000, 0x00000000c4300000, 0x00000000eab00000)
  object space 68608K, 29% used [0x00000000c0000000,0x00000000c13f1620,0x00000000c4300000)
 Metaspace       used 43529K, committed 44608K, reserved 1114112K
  class space    used 4621K, committed 5120K, reserved 1048576K
}

