# JRE version: Java(TM) SE Runtime Environment (21.0.1+12) (build 21.0.1+12-LTS-29)
# Java VM: Java HotSpot(TM) 64-Bit Server VM (21.0.1+12-LTS-29, mixed mode, sharing, tiered, compressed oops, compressed class ptrs, parallel gc, windows-amd64)
GC Precious Log:
 CardTable entry size: 512
 CPUs: 4 total, 4 available
 Memory: 16275M
 Large Page Support: Disabled
 NUMA Support: Disabled
 Compressed Oops: Enabled (32-bit)
 Alignments: Space 512K, Generation 512K, Heap 2M
 Heap Min Capacity: 100M
 Heap Initial Capacity: 100M
 Heap Max Capacity: 1G
 Pre-touch: Disabled
 Parallel Workers: 4
Heap:
 PSYoungGen      total 23552K, used 5830K [0x00000000eab00000, 0x00000000ec580000, 0x0000000100000000)
  eden space 22016K, 19% used [0x00000000eab00000,0x00000000eaf335e8,0x00000000ec080000)
  from space 1536K, 99% used [0x00000000ec400000,0x00000000ec57e4b0,0x00000000ec580000)
  to   space 2048K, 0% used [0x00000000ec200000,0x00000000ec200000,0x00000000ec400000)
 ParOldGen       total 68608K, used 23198K [0x00000000c0000000, 0x00000000c4300000, 0x00000000eab00000)
  object space 68608K, 33% used [0x00000000c0000000,0x00000000c16a7ad8,0x00000000c4300000)
 Metaspace       used 48781K, committed 49728K, reserved 1114112K
  class space    used 5224K, committed 5632K, reserved 1048576K
GC Heap History (20 events):
Event: 12.927 GC heap before
{Heap before GC invocations=10 (full 1):
 PSYoungGen      total 24576K, used 24407K [0x00000000eab00000, 0x00000000ec800000, 0x0000000100000000)
  eden space 24064K, 99% used [0x00000000eab00000,0x00000000ec27d940,0x00000000ec280000)
  from space 512K, 69% used [0x00000000ec780000,0x00000000ec7d85a0,0x00000000ec800000)
  to   space 2048K, 0% used [0x00000000ec400000,0x00000000ec400000,0x00000000ec600000)
 ParOldGen       total 68608K, used 12412K [0x00000000c0000000, 0x00000000c4300000, 0x00000000eab00000)
  object space 68608K, 18% used [0x00000000c0000000,0x00000000c0c1f260,0x00000000c4300000)
 Metaspace       used 26583K, committed 27328K, reserved 1114112K
  class space    used 2531K, committed 2880K, reserved 1048576K
}
Event: 12.929 GC heap after
{Heap after GC invocations=10 (full 1):
 PSYoungGen      total 25600K, used 2024K [0x00000000eab00000, 0x00000000ec800000, 0x0000000100000000)
  eden space 23552K, 0% used [0x00000000eab00000,0x00000000eab00000,0x00000000ec200000)
  from space 2048K, 98% used [0x00000000ec400000,0x00000000ec5fa2b0,0x00000000ec600000)
  to   space 2048K, 0% used [0x00000000ec600000,0x00000000ec600000,0x00000000ec800000)
 ParOldGen       total 68608K, used 12452K [0x00000000c0000000, 0x00000000c4300000, 0x00000000eab00000)
  object space 68608K, 18% used [0x00000000c0000000,0x00000000c0c29260,0x00000000c4300000)
 Metaspace       used 26583K, committed 27328K, reserved 1114112K
  class space    used 2531K, committed 2880K, reserved 1048576K
}
Event: 13.541 GC heap before
{Heap before GC invocations=11 (full 1):
 PSYoungGen      total 25600K, used 25576K [0x00000000eab00000, 0x00000000ec800000, 0x0000000100000000)
  eden space 23552K, 100% used [0x00000000eab00000,0x00000000ec200000,0x00000000ec200000)
  from space 2048K, 98% used [0x00000000ec400000,0x00000000ec5fa2b0,0x00000000ec600000)
  to   space 2048K, 0% used [0x00000000ec600000,0x00000000ec600000,0x00000000ec800000)
 ParOldGen       total 68608K, used 12452K [0x00000000c0000000, 0x00000000c4300000, 0x00000000eab00000)
  object space 68608K, 18% used [0x00000000c0000000,0x00000000c0c29260,0x00000000c4300000)
 Metaspace       used 28880K, committed 29696K, reserved 1114112K
  class space    used 2801K, committed 3136K, reserved 1048576K
}
Event: 13.545 GC heap after
{Heap after GC invocations=11 (full 1):
 PSYoungGen      total 25088K, used 2034K [0x00000000eab00000, 0x00000000ec880000, 0x0000000100000000)
  eden space 23040K, 0% used [0x00000000eab00000,0x00000000eab00000,0x00000000ec180000)
  from space 2048K, 99% used [0x00000000ec600000,0x00000000ec7fc8d8,0x00000000ec800000)
  to   space 3584K, 0% used [0x00000000ec180000,0x00000000ec180000,0x00000000ec500000)
 ParOldGen       total 68608K, used 13505K [0x00000000c0000000, 0x00000000c4300000, 0x00000000eab00000)
  object space 68608K, 19% used [0x00000000c0000000,0x00000000c0d30770,0x00000000c4300000)
 Metaspace       used 28880K, committed 29696K, reserved 1114112K
  class space    used 2801K, committed 3136K, reserved 1048576K
}
Event: 14.336 GC heap before
{Heap before GC invocations=12 (full 1):
 PSYoungGen      total 25088K, used 25027K [0x00000000eab00000, 0x00000000ec880000, 0x0000000100000000)
  eden space 23040K, 99% used [0x00000000eab00000,0x00000000ec174608,0x00000000ec180000)
  from space 2048K, 99% used [0x00000000ec600000,0x00000000ec7fc8d8,0x00000000ec800000)
  to   space 3584K, 0% used [0x00000000ec180000,0x00000000ec180000,0x00000000ec500000)
 ParOldGen       total 68608K, used 13505K [0x00000000c0000000, 0x00000000c4300000, 0x00000000eab00000)
  object space 68608K, 19% used [0x00000000c0000000,0x00000000c0d30770,0x00000000c4300000)
 Metaspace       used 31446K, committed 32256K, reserved 1114112K
  class space    used 3111K, committed 3456K, reserved 1048576K
}
Event: 14.340 GC heap after
{Heap after GC invocations=12 (full 1):
 PSYoungGen      total 24064K, used 1154K [0x00000000eab00000, 0x00000000ec680000, 0x0000000100000000)
  eden space 22528K, 0% used [0x00000000eab00000,0x00000000eab00000,0x00000000ec100000)
  from space 1536K, 75% used [0x00000000ec180000,0x00000000ec2a09c0,0x00000000ec300000)
  to   space 2048K, 0% used [0x00000000ec480000,0x00000000ec480000,0x00000000ec680000)
 ParOldGen       total 68608K, used 15539K [0x00000000c0000000, 0x00000000c4300000, 0x00000000eab00000)
  object space 68608K, 22% used [0x00000000c0000000,0x00000000c0f2cdd8,0x00000000c4300000)
 Metaspace       used 31446K, committed 32256K, reserved 1114112K
  class space    used 3111K, committed 3456K, reserved 1048576K
}
Event: 15.136 GC heap before
{Heap before GC invocations=13 (full 1):
 PSYoungGen      total 24064K, used 23682K [0x00000000eab00000, 0x00000000ec680000, 0x0000000100000000)
  eden space 22528K, 100% used [0x00000000eab00000,0x00000000ec100000,0x00000000ec100000)
  from space 1536K, 75% used [0x00000000ec180000,0x00000000ec2a09c0,0x00000000ec300000)
  to   space 2048K, 0% used [0x00000000ec480000,0x00000000ec480000,0x00000000ec680000)
 ParOldGen       total 68608K, used 15539K [0x00000000c0000000, 0x00000000c4300000, 0x00000000eab00000)
  object space 68608K, 22% used [0x00000000c0000000,0x00000000c0f2cdd8,0x00000000c4300000)
 Metaspace       used 34219K, committed 35136K, reserved 1114112K
  class space    used 3438K, committed 3840K, reserved 1048576K
}
Event: 15.139 GC heap after
{Heap after GC invocations=13 (full 1):
 PSYoungGen      total 23552K, used 1241K [0x00000000eab00000, 0x00000000ec600000, 0x0000000100000000)
  eden space 22016K, 0% used [0x00000000eab00000,0x00000000eab00000,0x00000000ec080000)
  from space 1536K, 80% used [0x00000000ec480000,0x00000000ec5b6638,0x00000000ec600000)
  to   space 1536K, 0% used [0x00000000ec300000,0x00000000ec300000,0x00000000ec480000)
 ParOldGen       total 68608K, used 16319K [0x00000000c0000000, 0x00000000c4300000, 0x00000000eab00000)
  object space 68608K, 23% used [0x00000000c0000000,0x00000000c0fefdb0,0x00000000c4300000)
 Metaspace       used 34219K, committed 35136K, reserved 1114112K
  class space    used 3438K, committed 3840K, reserved 1048576K
}
Event: 15.306 GC heap before
{Heap before GC invocations=14 (full 1):
 PSYoungGen      total 23552K, used 6373K [0x00000000eab00000, 0x00000000ec600000, 0x0000000100000000)
  eden space 22016K, 23% used [0x00000000eab00000,0x00000000eb0030c8,0x00000000ec080000)
  from space 1536K, 80% used [0x00000000ec480000,0x00000000ec5b6638,0x00000000ec600000)
  to   space 1536K, 0% used [0x00000000ec300000,0x00000000ec300000,0x00000000ec480000)
 ParOldGen       total 68608K, used 16319K [0x00000000c0000000, 0x00000000c4300000, 0x00000000eab00000)
  object space 68608K, 23% used [0x00000000c0000000,0x00000000c0fefdb0,0x00000000c4300000)
 Metaspace       used 34921K, committed 35840K, reserved 1114112K
  class space    used 3508K, committed 3904K, reserved 1048576K
}
Event: 15.310 GC heap after
{Heap after GC invocations=14 (full 1):
 PSYoungGen      total 22528K, used 224K [0x00000000eab00000, 0x00000000ec500000, 0x0000000100000000)
  eden space 22016K, 0% used [0x00000000eab00000,0x00000000eab00000,0x00000000ec080000)
  from space 512K, 43% used [0x00000000ec300000,0x00000000ec338000,0x00000000ec380000)
  to   space 1024K, 0% used [0x00000000ec400000,0x00000000ec400000,0x00000000ec500000)
 ParOldGen       total 68608K, used 17478K [0x00000000c0000000, 0x00000000c4300000, 0x00000000eab00000)
  object space 68608K, 25% used [0x00000000c0000000,0x00000000c1111b08,0x00000000c4300000)
 Metaspace       used 34921K, committed 35840K, reserved 1114112K
  class space    used 3508K, committed 3904K, reserved 1048576K
}
Event: 15.310 GC heap before
{Heap before GC invocations=15 (full 2):
 PSYoungGen      total 22528K, used 224K [0x00000000eab00000, 0x00000000ec500000, 0x0000000100000000)
  eden space 22016K, 0% used [0x00000000eab00000,0x00000000eab00000,0x00000000ec080000)
  from space 512K, 43% used [0x00000000ec300000,0x00000000ec338000,0x00000000ec380000)
  to   space 1024K, 0% used [0x00000000ec400000,0x00000000ec400000,0x00000000ec500000)
 ParOldGen       total 68608K, used 17478K [0x00000000c0000000, 0x00000000c4300000, 0x00000000eab00000)
  object space 68608K, 25% used [0x00000000c0000000,0x00000000c1111b08,0x00000000c4300000)
 Metaspace       used 34921K, committed 35840K, reserved 1114112K
  class space    used 3508K, committed 3904K, reserved 1048576K
}
Event: 15.366 GC heap after
{Heap after GC invocations=15 (full 2):
 PSYoungGen      total 22528K, used 0K [0x00000000eab00000, 0x00000000ec500000, 0x0000000100000000)
  eden space 22016K, 0% used [0x00000000eab00000,0x00000000eab00000,0x00000000ec080000)
  from space 512K, 0% used [0x00000000ec300000,0x00000000ec300000,0x00000000ec380000)
  to   space 1024K, 0% used [0x00000000ec400000,0x00000000ec400000,0x00000000ec500000)
 ParOldGen       total 68608K, used 17348K [0x00000000c0000000, 0x00000000c4300000, 0x00000000eab00000)
  object space 68608K, 25% used [0x00000000c0000000,0x00000000c10f12c8,0x00000000c4300000)
 Metaspace       used 34921K, committed 35840K, reserved 1114112K
  class space    used 3508K, committed 3904K, reserved 1048576K
}
Event: 16.333 GC heap before
{Heap before GC invocations=16 (full 2):
 PSYoungGen      total 22528K, used 22016K [0x00000000eab00000, 0x00000000ec500000, 0x0000000100000000)
  eden space 22016K, 100% used [0x00000000eab00000,0x00000000ec080000,0x00000000ec080000)
  from space 512K, 0% used [0x00000000ec300000,0x00000000ec300000,0x00000000ec380000)
  to   space 1024K, 0% used [0x00000000ec400000,0x00000000ec400000,0x00000000ec500000)
 ParOldGen       total 68608K, used 17348K [0x00000000c0000000, 0x00000000c4300000, 0x00000000eab00000)
  object space 68608K, 25% used [0x00000000c0000000,0x00000000c10f12c8,0x00000000c4300000)
 Metaspace       used 37678K, committed 38592K, reserved 1114112K
  class space    used 3888K, committed 4288K, reserved 1048576K
}
Event: 16.335 GC heap after
{Heap after GC invocations=16 (full 2):
 PSYoungGen      total 23040K, used 896K [0x00000000eab00000, 0x00000000ec500000, 0x0000000100000000)
  eden space 22016K, 0% used [0x00000000eab00000,0x00000000eab00000,0x00000000ec080000)
  from space 1024K, 87% used [0x00000000ec400000,0x00000000ec4e0000,0x00000000ec500000)
  to   space 1024K, 0% used [0x00000000ec300000,0x00000000ec300000,0x00000000ec400000)
 ParOldGen       total 68608K, used 17356K [0x00000000c0000000, 0x00000000c4300000, 0x00000000eab00000)
  object space 68608K, 25% used [0x00000000c0000000,0x00000000c10f32c8,0x00000000c4300000)
 Metaspace       used 37678K, committed 38592K, reserved 1114112K
  class space    used 3888K, committed 4288K, reserved 1048576K
}
Event: 17.697 GC heap before
{Heap before GC invocations=17 (full 2):
 PSYoungGen      total 23040K, used 22912K [0x00000000eab00000, 0x00000000ec500000, 0x0000000100000000)
  eden space 22016K, 100% used [0x00000000eab00000,0x00000000ec080000,0x00000000ec080000)
  from space 1024K, 87% used [0x00000000ec400000,0x00000000ec4e0000,0x00000000ec500000)
  to   space 1024K, 0% used [0x00000000ec300000,0x00000000ec300000,0x00000000ec400000)
 ParOldGen       total 68608K, used 17356K [0x00000000c0000000, 0x00000000c4300000, 0x00000000eab00000)
  object space 68608K, 25% used [0x00000000c0000000,0x00000000c10f32c8,0x00000000c4300000)
 Metaspace       used 40487K, committed 41408K, reserved 1114112K
  class space    used 4250K, committed 4608K, reserved 1048576K
}
Event: 17.701 GC heap after
{Heap after GC invocations=17 (full 2):
 PSYoungGen      total 23040K, used 1024K [0x00000000eab00000, 0x00000000ec680000, 0x0000000100000000)
  eden space 22016K, 0% used [0x00000000eab00000,0x00000000eab00000,0x00000000ec080000)
  from space 1024K, 100% used [0x00000000ec300000,0x00000000ec400000,0x00000000ec400000)
  to   space 2560K, 0% used [0x00000000ec400000,0x00000000ec400000,0x00000000ec680000)
 ParOldGen       total 68608K, used 18727K [0x00000000c0000000, 0x00000000c4300000, 0x00000000eab00000)
  object space 68608K, 27% used [0x00000000c0000000,0x00000000c1249d70,0x00000000c4300000)
 Metaspace       used 40487K, committed 41408K, reserved 1114112K
  class space    used 4250K, committed 4608K, reserved 1048576K
}
Event: 18.944 GC heap before
{Heap before GC invocations=18 (full 2):
 PSYoungGen      total 23040K, used 23040K [0x00000000eab00000, 0x00000000ec680000, 0x0000000100000000)
  eden space 22016K, 100% used [0x00000000eab00000,0x00000000ec080000,0x00000000ec080000)
  from space 1024K, 100% used [0x00000000ec300000,0x00000000ec400000,0x00000000ec400000)
  to   space 2560K, 0% used [0x00000000ec400000,0x00000000ec400000,0x00000000ec680000)
 ParOldGen       total 68608K, used 18727K [0x00000000c0000000, 0x00000000c4300000, 0x00000000eab00000)
  object space 68608K, 27% used [0x00000000c0000000,0x00000000c1249d70,0x00000000c4300000)
 Metaspace       used 43491K, committed 44480K, reserved 1114112K
  class space    used 4627K, committed 5056K, reserved 1048576K
}
Event: 18.953 GC heap after
{Heap after GC invocations=18 (full 2):
 PSYoungGen      total 24064K, used 1574K [0x00000000eab00000, 0x00000000ec600000, 0x0000000100000000)
  eden space 22016K, 0% used [0x00000000eab00000,0x00000000eab00000,0x00000000ec080000)
  from space 2048K, 76% used [0x00000000ec400000,0x00000000ec5899a8,0x00000000ec600000)
  to   space 2048K, 0% used [0x00000000ec200000,0x00000000ec200000,0x00000000ec400000)
 ParOldGen       total 68608K, used 19738K [0x00000000c0000000, 0x00000000c4300000, 0x00000000eab00000)
  object space 68608K, 28% used [0x00000000c0000000,0x00000000c1346b18,0x00000000c4300000)
 Metaspace       used 43491K, committed 44480K, reserved 1114112K
  class space    used 4627K, committed 5056K, reserved 1048576K
}
Event: 19.778 GC heap before
{Heap before GC invocations=19 (full 2):
 PSYoungGen      total 24064K, used 23590K [0x00000000eab00000, 0x00000000ec600000, 0x0000000100000000)
  eden space 22016K, 100% used [0x00000000eab00000,0x00000000ec080000,0x00000000ec080000)
  from space 2048K, 76% used [0x00000000ec400000,0x00000000ec5899a8,0x00000000ec600000)
  to   space 2048K, 0% used [0x00000000ec200000,0x00000000ec200000,0x00000000ec400000)
 ParOldGen       total 68608K, used 19738K [0x00000000c0000000, 0x00000000c4300000, 0x00000000eab00000)
  object space 68608K, 28% used [0x00000000c0000000,0x00000000c1346b18,0x00000000c4300000)
 Metaspace       used 47072K, committed 48064K, reserved 1114112K
  class space    used 5011K, committed 5440K, reserved 1048576K
}
Event: 19.783 GC heap after
{Heap after GC invocations=19 (full 2):
 PSYoungGen      total 24064K, used 1985K [0x00000000eab00000, 0x00000000ec580000, 0x0000000100000000)
  eden space 22016K, 0% used [0x00000000eab00000,0x00000000eab00000,0x00000000ec080000)
  from space 2048K, 96% used [0x00000000ec200000,0x00000000ec3f05d0,0x00000000ec400000)
  to   space 1536K, 0% used [0x00000000ec400000,0x00000000ec400000,0x00000000ec580000)
 ParOldGen       total 68608K, used 21264K [0x00000000c0000000, 0x00000000c4300000, 0x00000000eab00000)
  object space 68608K, 30% used [0x00000000c0000000,0x00000000c14c4008,0x00000000c4300000)
 Metaspace       used 47072K, committed 48064K, reserved 1114112K
  class space    used 5011K, committed 5440K, reserved 1048576K
}

