# JRE version: Java(TM) SE Runtime Environment (21.0.1+12) (build 21.0.1+12-LTS-29)
# Java VM: Java HotSpot(TM) 64-Bit Server VM (21.0.1+12-LTS-29, mixed mode, sharing, tiered, compressed oops, compressed class ptrs, parallel gc, windows-amd64)
GC Precious Log:
 CardTable entry size: 512
 CPUs: 4 total, 4 available
 Memory: 16275M
 Large Page Support: Disabled
 NUMA Support: Disabled
 Compressed Oops: Enabled (32-bit)
 Alignments: Space 512K, Generation 512K, Heap 2M
 Heap Min Capacity: 100M
 Heap Initial Capacity: 100M
 Heap Max Capacity: 1G
 Pre-touch: Disabled
 Parallel Workers: 4
Heap:
 PSYoungGen      total 15872K, used 11052K [0x00000000eab00000, 0x00000000ec480000, 0x0000000100000000)
  eden space 12800K, 82% used [0x00000000eab00000,0x00000000eb54f1c8,0x00000000eb780000)
  from space 3072K, 16% used [0x00000000eb780000,0x00000000eb7fc008,0x00000000eba80000)
  to   space 6656K, 0% used [0x00000000ebe00000,0x00000000ebe00000,0x00000000ec480000)
 ParOldGen       total 96256K, used 68345K [0x00000000c0000000, 0x00000000c5e00000, 0x00000000eab00000)
  object space 96256K, 71% used [0x00000000c0000000,0x00000000c42be400,0x00000000c5e00000)
 Metaspace       used 56787K, committed 57984K, reserved 1114112K
  class space    used 5962K, committed 6528K, reserved 1048576K
GC Heap History (20 events):
Event: 35.689 GC heap before
{Heap before GC invocations=41 (full 2):
 PSYoungGen      total 15360K, used 15329K [0x00000000eab00000, 0x00000000ec880000, 0x0000000100000000)
  eden space 12800K, 100% used [0x00000000eab00000,0x00000000eb780000,0x00000000eb780000)
  from space 2560K, 98% used [0x00000000ebe00000,0x00000000ec0785c0,0x00000000ec080000)
  to   space 6656K, 0% used [0x00000000eb780000,0x00000000eb780000,0x00000000ebe00000)
 ParOldGen       total 68608K, used 56729K [0x00000000c0000000, 0x00000000c4300000, 0x00000000eab00000)
  object space 68608K, 82% used [0x00000000c0000000,0x00000000c3766518,0x00000000c4300000)
 Metaspace       used 56776K, committed 57984K, reserved 1114112K
  class space    used 5964K, committed 6528K, reserved 1048576K
}
Event: 35.693 GC heap after
{Heap after GC invocations=41 (full 2):
 PSYoungGen      total 15360K, used 2556K [0x00000000eab00000, 0x00000000ebf80000, 0x0000000100000000)
  eden space 12800K, 0% used [0x00000000eab00000,0x00000000eab00000,0x00000000eb780000)
  from space 2560K, 99% used [0x00000000eb780000,0x00000000eb9ff3a8,0x00000000eba00000)
  to   space 4096K, 0% used [0x00000000ebb80000,0x00000000ebb80000,0x00000000ebf80000)
 ParOldGen       total 68608K, used 59225K [0x00000000c0000000, 0x00000000c4300000, 0x00000000eab00000)
  object space 68608K, 86% used [0x00000000c0000000,0x00000000c39d67b8,0x00000000c4300000)
 Metaspace       used 56776K, committed 57984K, reserved 1114112K
  class space    used 5964K, committed 6528K, reserved 1048576K
}
Event: 35.866 GC heap before
{Heap before GC invocations=42 (full 2):
 PSYoungGen      total 15360K, used 15356K [0x00000000eab00000, 0x00000000ebf80000, 0x0000000100000000)
  eden space 12800K, 100% used [0x00000000eab00000,0x00000000eb780000,0x00000000eb780000)
  from space 2560K, 99% used [0x00000000eb780000,0x00000000eb9ff3a8,0x00000000eba00000)
  to   space 4096K, 0% used [0x00000000ebb80000,0x00000000ebb80000,0x00000000ebf80000)
 ParOldGen       total 68608K, used 59225K [0x00000000c0000000, 0x00000000c4300000, 0x00000000eab00000)
  object space 68608K, 86% used [0x00000000c0000000,0x00000000c39d67b8,0x00000000c4300000)
 Metaspace       used 56776K, committed 57984K, reserved 1114112K
  class space    used 5964K, committed 6528K, reserved 1048576K
}
Event: 35.870 GC heap after
{Heap after GC invocations=42 (full 2):
 PSYoungGen      total 15872K, used 2898K [0x00000000eab00000, 0x00000000ebe80000, 0x0000000100000000)
  eden space 12800K, 0% used [0x00000000eab00000,0x00000000eab00000,0x00000000eb780000)
  from space 3072K, 94% used [0x00000000ebb80000,0x00000000ebe54958,0x00000000ebe80000)
  to   space 3072K, 0% used [0x00000000eb880000,0x00000000eb880000,0x00000000ebb80000)
 ParOldGen       total 68608K, used 61656K [0x00000000c0000000, 0x00000000c4300000, 0x00000000eab00000)
  object space 68608K, 89% used [0x00000000c0000000,0x00000000c3c36390,0x00000000c4300000)
 Metaspace       used 56776K, committed 57984K, reserved 1114112K
  class space    used 5964K, committed 6528K, reserved 1048576K
}
Event: 36.225 GC heap before
{Heap before GC invocations=43 (full 2):
 PSYoungGen      total 15872K, used 15698K [0x00000000eab00000, 0x00000000ebe80000, 0x0000000100000000)
  eden space 12800K, 100% used [0x00000000eab00000,0x00000000eb780000,0x00000000eb780000)
  from space 3072K, 94% used [0x00000000ebb80000,0x00000000ebe54958,0x00000000ebe80000)
  to   space 3072K, 0% used [0x00000000eb880000,0x00000000eb880000,0x00000000ebb80000)
 ParOldGen       total 68608K, used 61656K [0x00000000c0000000, 0x00000000c4300000, 0x00000000eab00000)
  object space 68608K, 89% used [0x00000000c0000000,0x00000000c3c36390,0x00000000c4300000)
 Metaspace       used 56785K, committed 57984K, reserved 1114112K
  class space    used 5964K, committed 6528K, reserved 1048576K
}
Event: 36.229 GC heap after
{Heap after GC invocations=43 (full 2):
 PSYoungGen      total 15872K, used 3055K [0x00000000eab00000, 0x00000000ec480000, 0x0000000100000000)
  eden space 12800K, 0% used [0x00000000eab00000,0x00000000eab00000,0x00000000eb780000)
  from space 3072K, 99% used [0x00000000eb880000,0x00000000ebb7bdb0,0x00000000ebb80000)
  to   space 6656K, 0% used [0x00000000ebe00000,0x00000000ebe00000,0x00000000ec480000)
 ParOldGen       total 68608K, used 64548K [0x00000000c0000000, 0x00000000c4300000, 0x00000000eab00000)
  object space 68608K, 94% used [0x00000000c0000000,0x00000000c3f09118,0x00000000c4300000)
 Metaspace       used 56785K, committed 57984K, reserved 1114112K
  class space    used 5964K, committed 6528K, reserved 1048576K
}
Event: 37.016 GC heap before
{Heap before GC invocations=44 (full 2):
 PSYoungGen      total 15872K, used 15855K [0x00000000eab00000, 0x00000000ec480000, 0x0000000100000000)
  eden space 12800K, 100% used [0x00000000eab00000,0x00000000eb780000,0x00000000eb780000)
  from space 3072K, 99% used [0x00000000eb880000,0x00000000ebb7bdb0,0x00000000ebb80000)
  to   space 6656K, 0% used [0x00000000ebe00000,0x00000000ebe00000,0x00000000ec480000)
 ParOldGen       total 68608K, used 64548K [0x00000000c0000000, 0x00000000c4300000, 0x00000000eab00000)
  object space 68608K, 94% used [0x00000000c0000000,0x00000000c3f09118,0x00000000c4300000)
 Metaspace       used 56785K, committed 57984K, reserved 1114112K
  class space    used 5964K, committed 6528K, reserved 1048576K
}
Event: 37.021 GC heap after
{Heap after GC invocations=44 (full 2):
 PSYoungGen      total 15872K, used 2981K [0x00000000eab00000, 0x00000000ec100000, 0x0000000100000000)
  eden space 12800K, 0% used [0x00000000eab00000,0x00000000eab00000,0x00000000eb780000)
  from space 3072K, 97% used [0x00000000ebe00000,0x00000000ec0e96b8,0x00000000ec100000)
  to   space 4096K, 0% used [0x00000000eb900000,0x00000000eb900000,0x00000000ebd00000)
 ParOldGen       total 68608K, used 67581K [0x00000000c0000000, 0x00000000c4300000, 0x00000000eab00000)
  object space 68608K, 98% used [0x00000000c0000000,0x00000000c41ff620,0x00000000c4300000)
 Metaspace       used 56785K, committed 57984K, reserved 1114112K
  class space    used 5964K, committed 6528K, reserved 1048576K
}
Event: 37.021 GC heap before
{Heap before GC invocations=45 (full 3):
 PSYoungGen      total 15872K, used 2981K [0x00000000eab00000, 0x00000000ec100000, 0x0000000100000000)
  eden space 12800K, 0% used [0x00000000eab00000,0x00000000eab00000,0x00000000eb780000)
  from space 3072K, 97% used [0x00000000ebe00000,0x00000000ec0e96b8,0x00000000ec100000)
  to   space 4096K, 0% used [0x00000000eb900000,0x00000000eb900000,0x00000000ebd00000)
 ParOldGen       total 68608K, used 67581K [0x00000000c0000000, 0x00000000c4300000, 0x00000000eab00000)
  object space 68608K, 98% used [0x00000000c0000000,0x00000000c41ff620,0x00000000c4300000)
 Metaspace       used 56785K, committed 57984K, reserved 1114112K
  class space    used 5964K, committed 6528K, reserved 1048576K
}
Event: 37.197 GC heap after
{Heap after GC invocations=45 (full 3):
 PSYoungGen      total 13312K, used 0K [0x00000000eab00000, 0x00000000ebf80000, 0x0000000100000000)
  eden space 12800K, 0% used [0x00000000eab00000,0x00000000eab00000,0x00000000eb780000)
  from space 512K, 0% used [0x00000000eb900000,0x00000000eb900000,0x00000000eb980000)
  to   space 4096K, 0% used [0x00000000ebb80000,0x00000000ebb80000,0x00000000ebf80000)
 ParOldGen       total 68608K, used 58203K [0x00000000c0000000, 0x00000000c4300000, 0x00000000eab00000)
  object space 68608K, 84% used [0x00000000c0000000,0x00000000c38d6d70,0x00000000c4300000)
 Metaspace       used 56780K, committed 57984K, reserved 1114112K
  class space    used 5962K, committed 6528K, reserved 1048576K
}
Event: 37.329 GC heap before
{Heap before GC invocations=46 (full 3):
 PSYoungGen      total 13312K, used 12800K [0x00000000eab00000, 0x00000000ebf80000, 0x0000000100000000)
  eden space 12800K, 100% used [0x00000000eab00000,0x00000000eb780000,0x00000000eb780000)
  from space 512K, 0% used [0x00000000eb900000,0x00000000eb900000,0x00000000eb980000)
  to   space 4096K, 0% used [0x00000000ebb80000,0x00000000ebb80000,0x00000000ebf80000)
 ParOldGen       total 68608K, used 58203K [0x00000000c0000000, 0x00000000c4300000, 0x00000000eab00000)
  object space 68608K, 84% used [0x00000000c0000000,0x00000000c38d6d70,0x00000000c4300000)
 Metaspace       used 56780K, committed 57984K, reserved 1114112K
  class space    used 5962K, committed 6528K, reserved 1048576K
}
Event: 37.331 GC heap after
{Heap after GC invocations=46 (full 3):
 PSYoungGen      total 15872K, used 2873K [0x00000000eab00000, 0x00000000ebe80000, 0x0000000100000000)
  eden space 12800K, 0% used [0x00000000eab00000,0x00000000eab00000,0x00000000eb780000)
  from space 3072K, 93% used [0x00000000ebb80000,0x00000000ebe4e798,0x00000000ebe80000)
  to   space 3584K, 0% used [0x00000000eb780000,0x00000000eb780000,0x00000000ebb00000)
 ParOldGen       total 68608K, used 58203K [0x00000000c0000000, 0x00000000c4300000, 0x00000000eab00000)
  object space 68608K, 84% used [0x00000000c0000000,0x00000000c38d6d70,0x00000000c4300000)
 Metaspace       used 56780K, committed 57984K, reserved 1114112K
  class space    used 5962K, committed 6528K, reserved 1048576K
}
Event: 37.433 GC heap before
{Heap before GC invocations=47 (full 3):
 PSYoungGen      total 15872K, used 15659K [0x00000000eab00000, 0x00000000ebe80000, 0x0000000100000000)
  eden space 12800K, 99% used [0x00000000eab00000,0x00000000eb77c5f0,0x00000000eb780000)
  from space 3072K, 93% used [0x00000000ebb80000,0x00000000ebe4e798,0x00000000ebe80000)
  to   space 3584K, 0% used [0x00000000eb780000,0x00000000eb780000,0x00000000ebb00000)
 ParOldGen       total 68608K, used 58203K [0x00000000c0000000, 0x00000000c4300000, 0x00000000eab00000)
  object space 68608K, 84% used [0x00000000c0000000,0x00000000c38d6d70,0x00000000c4300000)
 Metaspace       used 56784K, committed 57984K, reserved 1114112K
  class space    used 5962K, committed 6528K, reserved 1048576K
}
Event: 37.437 GC heap after
{Heap after GC invocations=47 (full 3):
 PSYoungGen      total 15872K, used 2815K [0x00000000eab00000, 0x00000000ebd80000, 0x0000000100000000)
  eden space 12800K, 0% used [0x00000000eab00000,0x00000000eab00000,0x00000000eb780000)
  from space 3072K, 91% used [0x00000000eb780000,0x00000000eba3ffe0,0x00000000eba80000)
  to   space 3072K, 0% used [0x00000000eba80000,0x00000000eba80000,0x00000000ebd80000)
 ParOldGen       total 68608K, used 61026K [0x00000000c0000000, 0x00000000c4300000, 0x00000000eab00000)
  object space 68608K, 88% used [0x00000000c0000000,0x00000000c3b988f8,0x00000000c4300000)
 Metaspace       used 56784K, committed 57984K, reserved 1114112K
  class space    used 5962K, committed 6528K, reserved 1048576K
}
Event: 37.534 GC heap before
{Heap before GC invocations=48 (full 3):
 PSYoungGen      total 15872K, used 15615K [0x00000000eab00000, 0x00000000ebd80000, 0x0000000100000000)
  eden space 12800K, 99% used [0x00000000eab00000,0x00000000eb77ffd8,0x00000000eb780000)
  from space 3072K, 91% used [0x00000000eb780000,0x00000000eba3ffe0,0x00000000eba80000)
  to   space 3072K, 0% used [0x00000000eba80000,0x00000000eba80000,0x00000000ebd80000)
 ParOldGen       total 68608K, used 61026K [0x00000000c0000000, 0x00000000c4300000, 0x00000000eab00000)
  object space 68608K, 88% used [0x00000000c0000000,0x00000000c3b988f8,0x00000000c4300000)
 Metaspace       used 56787K, committed 57984K, reserved 1114112K
  class space    used 5962K, committed 6528K, reserved 1048576K
}
Event: 37.540 GC heap after
{Heap after GC invocations=48 (full 3):
 PSYoungGen      total 15872K, used 2891K [0x00000000eab00000, 0x00000000ebd80000, 0x0000000100000000)
  eden space 12800K, 0% used [0x00000000eab00000,0x00000000eab00000,0x00000000eb780000)
  from space 3072K, 94% used [0x00000000eba80000,0x00000000ebd52d70,0x00000000ebd80000)
  to   space 3072K, 0% used [0x00000000eb780000,0x00000000eb780000,0x00000000eba80000)
 ParOldGen       total 68608K, used 63771K [0x00000000c0000000, 0x00000000c4300000, 0x00000000eab00000)
  object space 68608K, 92% used [0x00000000c0000000,0x00000000c3e46fd0,0x00000000c4300000)
 Metaspace       used 56787K, committed 57984K, reserved 1114112K
  class space    used 5962K, committed 6528K, reserved 1048576K
}
Event: 37.687 GC heap before
{Heap before GC invocations=49 (full 3):
 PSYoungGen      total 15872K, used 15691K [0x00000000eab00000, 0x00000000ebd80000, 0x0000000100000000)
  eden space 12800K, 100% used [0x00000000eab00000,0x00000000eb780000,0x00000000eb780000)
  from space 3072K, 94% used [0x00000000eba80000,0x00000000ebd52d70,0x00000000ebd80000)
  to   space 3072K, 0% used [0x00000000eb780000,0x00000000eb780000,0x00000000eba80000)
 ParOldGen       total 68608K, used 63771K [0x00000000c0000000, 0x00000000c4300000, 0x00000000eab00000)
  object space 68608K, 92% used [0x00000000c0000000,0x00000000c3e46fd0,0x00000000c4300000)
 Metaspace       used 56787K, committed 57984K, reserved 1114112K
  class space    used 5962K, committed 6528K, reserved 1048576K
}
Event: 37.691 GC heap after
{Heap after GC invocations=49 (full 3):
 PSYoungGen      total 15872K, used 3060K [0x00000000eab00000, 0x00000000ec480000, 0x0000000100000000)
  eden space 12800K, 0% used [0x00000000eab00000,0x00000000eab00000,0x00000000eb780000)
  from space 3072K, 99% used [0x00000000eb780000,0x00000000eba7d0d0,0x00000000eba80000)
  to   space 6656K, 0% used [0x00000000ebe00000,0x00000000ebe00000,0x00000000ec480000)
 ParOldGen       total 68608K, used 66727K [0x00000000c0000000, 0x00000000c4300000, 0x00000000eab00000)
  object space 68608K, 97% used [0x00000000c0000000,0x00000000c4129ee8,0x00000000c4300000)
 Metaspace       used 56787K, committed 57984K, reserved 1114112K
  class space    used 5962K, committed 6528K, reserved 1048576K
}
Event: 37.691 GC heap before
{Heap before GC invocations=50 (full 4):
 PSYoungGen      total 15872K, used 3060K [0x00000000eab00000, 0x00000000ec480000, 0x0000000100000000)
  eden space 12800K, 0% used [0x00000000eab00000,0x00000000eab00000,0x00000000eb780000)
  from space 3072K, 99% used [0x00000000eb780000,0x00000000eba7d0d0,0x00000000eba80000)
  to   space 6656K, 0% used [0x00000000ebe00000,0x00000000ebe00000,0x00000000ec480000)
 ParOldGen       total 68608K, used 66727K [0x00000000c0000000, 0x00000000c4300000, 0x00000000eab00000)
  object space 68608K, 97% used [0x00000000c0000000,0x00000000c4129ee8,0x00000000c4300000)
 Metaspace       used 56787K, committed 57984K, reserved 1114112K
  class space    used 5962K, committed 6528K, reserved 1048576K
}
Event: 37.817 GC heap after
{Heap after GC invocations=50 (full 4):
 PSYoungGen      total 15872K, used 496K [0x00000000eab00000, 0x00000000ec480000, 0x0000000100000000)
  eden space 12800K, 0% used [0x00000000eab00000,0x00000000eab00000,0x00000000eb780000)
  from space 3072K, 16% used [0x00000000eb780000,0x00000000eb7fc008,0x00000000eba80000)
  to   space 6656K, 0% used [0x00000000ebe00000,0x00000000ebe00000,0x00000000ec480000)
 ParOldGen       total 96256K, used 68345K [0x00000000c0000000, 0x00000000c5e00000, 0x00000000eab00000)
  object space 96256K, 71% used [0x00000000c0000000,0x00000000c42be400,0x00000000c5e00000)
 Metaspace       used 56787K, committed 57984K, reserved 1114112K
  class space    used 5962K, committed 6528K, reserved 1048576K
}

