# JRE version: Java(TM) SE Runtime Environment (21.0.1+12) (build 21.0.1+12-LTS-29)
# Java VM: Java HotSpot(TM) 64-Bit Server VM (21.0.1+12-LTS-29, mixed mode, sharing, tiered, compressed oops, compressed class ptrs, parallel gc, windows-amd64)
GC Precious Log:
 CardTable entry size: 512
 CPUs: 4 total, 4 available
 Memory: 16275M
 Large Page Support: Disabled
 NUMA Support: Disabled
 Compressed Oops: Enabled (32-bit)
 Alignments: Space 512K, Generation 512K, Heap 2M
 Heap Min Capacity: 100M
 Heap Initial Capacity: 100M
 Heap Max Capacity: 1G
 Pre-touch: Disabled
 Parallel Workers: 4
Heap:
 PSYoungGen      total 22016K, used 11103K [0x00000000eab00000, 0x00000000ec380000, 0x0000000100000000)
  eden space 19456K, 53% used [0x00000000eab00000,0x00000000eb536b48,0x00000000ebe00000)
  from space 2560K, 25% used [0x00000000ebf00000,0x00000000ebfa1420,0x00000000ec180000)
  to   space 1024K, 0% used [0x00000000ec280000,0x00000000ec280000,0x00000000ec380000)
 ParOldGen       total 68608K, used 38733K [0x00000000c0000000, 0x00000000c4300000, 0x00000000eab00000)
  object space 68608K, 56% used [0x00000000c0000000,0x00000000c25d36a8,0x00000000c4300000)
 Metaspace       used 53287K, committed 54400K, reserved 1114112K
  class space    used 5717K, committed 6208K, reserved 1048576K
GC Heap History (20 events):
Event: 15.738 GC heap before
{Heap before GC invocations=20 (full 2):
 PSYoungGen      total 24064K, used 23788K [0x00000000eab00000, 0x00000000ec500000, 0x0000000100000000)
  eden space 22016K, 100% used [0x00000000eab00000,0x00000000ec080000,0x00000000ec080000)
  from space 2048K, 86% used [0x00000000ec280000,0x00000000ec43b2c8,0x00000000ec480000)
  to   space 512K, 0% used [0x00000000ec480000,0x00000000ec480000,0x00000000ec500000)
 ParOldGen       total 68608K, used 21404K [0x00000000c0000000, 0x00000000c4300000, 0x00000000eab00000)
  object space 68608K, 31% used [0x00000000c0000000,0x00000000c14e71a8,0x00000000c4300000)
 Metaspace       used 48812K, committed 49856K, reserved 1114112K
  class space    used 5216K, committed 5632K, reserved 1048576K
}
Event: 15.744 GC heap after
{Heap after GC invocations=20 (full 2):
 PSYoungGen      total 22528K, used 497K [0x00000000eab00000, 0x00000000ec880000, 0x0000000100000000)
  eden space 22016K, 0% used [0x00000000eab00000,0x00000000eab00000,0x00000000ec080000)
  from space 512K, 97% used [0x00000000ec480000,0x00000000ec4fc6e8,0x00000000ec500000)
  to   space 4096K, 0% used [0x00000000ec080000,0x00000000ec080000,0x00000000ec480000)
 ParOldGen       total 68608K, used 24290K [0x00000000c0000000, 0x00000000c4300000, 0x00000000eab00000)
  object space 68608K, 35% used [0x00000000c0000000,0x00000000c17b8888,0x00000000c4300000)
 Metaspace       used 48812K, committed 49856K, reserved 1114112K
  class space    used 5216K, committed 5632K, reserved 1048576K
}
Event: 15.952 GC heap before
{Heap before GC invocations=21 (full 2):
 PSYoungGen      total 22528K, used 22513K [0x00000000eab00000, 0x00000000ec880000, 0x0000000100000000)
  eden space 22016K, 100% used [0x00000000eab00000,0x00000000ec080000,0x00000000ec080000)
  from space 512K, 97% used [0x00000000ec480000,0x00000000ec4fc6e8,0x00000000ec500000)
  to   space 4096K, 0% used [0x00000000ec080000,0x00000000ec080000,0x00000000ec480000)
 ParOldGen       total 68608K, used 24290K [0x00000000c0000000, 0x00000000c4300000, 0x00000000eab00000)
  object space 68608K, 35% used [0x00000000c0000000,0x00000000c17b8888,0x00000000c4300000)
 Metaspace       used 49391K, committed 50496K, reserved 1114112K
  class space    used 5273K, committed 5760K, reserved 1048576K
}
Event: 15.956 GC heap after
{Heap after GC invocations=21 (full 2):
 PSYoungGen      total 24064K, used 1856K [0x00000000eab00000, 0x00000000ec580000, 0x0000000100000000)
  eden space 22016K, 0% used [0x00000000eab00000,0x00000000eab00000,0x00000000ec080000)
  from space 2048K, 90% used [0x00000000ec080000,0x00000000ec250010,0x00000000ec280000)
  to   space 2560K, 0% used [0x00000000ec300000,0x00000000ec300000,0x00000000ec580000)
 ParOldGen       total 68608K, used 24771K [0x00000000c0000000, 0x00000000c4300000, 0x00000000eab00000)
  object space 68608K, 36% used [0x00000000c0000000,0x00000000c1830f60,0x00000000c4300000)
 Metaspace       used 49391K, committed 50496K, reserved 1114112K
  class space    used 5273K, committed 5760K, reserved 1048576K
}
Event: 16.094 GC heap before
{Heap before GC invocations=22 (full 2):
 PSYoungGen      total 24064K, used 23872K [0x00000000eab00000, 0x00000000ec580000, 0x0000000100000000)
  eden space 22016K, 100% used [0x00000000eab00000,0x00000000ec080000,0x00000000ec080000)
  from space 2048K, 90% used [0x00000000ec080000,0x00000000ec250010,0x00000000ec280000)
  to   space 2560K, 0% used [0x00000000ec300000,0x00000000ec300000,0x00000000ec580000)
 ParOldGen       total 68608K, used 24771K [0x00000000c0000000, 0x00000000c4300000, 0x00000000eab00000)
  object space 68608K, 36% used [0x00000000c0000000,0x00000000c1830f60,0x00000000c4300000)
 Metaspace       used 49790K, committed 50816K, reserved 1114112K
  class space    used 5322K, committed 5760K, reserved 1048576K
}
Event: 16.098 GC heap after
{Heap after GC invocations=22 (full 2):
 PSYoungGen      total 24064K, used 1728K [0x00000000eab00000, 0x00000000ec500000, 0x0000000100000000)
  eden space 22016K, 0% used [0x00000000eab00000,0x00000000eab00000,0x00000000ec080000)
  from space 2048K, 84% used [0x00000000ec300000,0x00000000ec4b0010,0x00000000ec500000)
  to   space 2048K, 0% used [0x00000000ec080000,0x00000000ec080000,0x00000000ec280000)
 ParOldGen       total 68608K, used 26515K [0x00000000c0000000, 0x00000000c4300000, 0x00000000eab00000)
  object space 68608K, 38% used [0x00000000c0000000,0x00000000c19e4f60,0x00000000c4300000)
 Metaspace       used 49790K, committed 50816K, reserved 1114112K
  class space    used 5322K, committed 5760K, reserved 1048576K
}
Event: 16.186 GC heap before
{Heap before GC invocations=23 (full 2):
 PSYoungGen      total 24064K, used 23744K [0x00000000eab00000, 0x00000000ec500000, 0x0000000100000000)
  eden space 22016K, 100% used [0x00000000eab00000,0x00000000ec080000,0x00000000ec080000)
  from space 2048K, 84% used [0x00000000ec300000,0x00000000ec4b0010,0x00000000ec500000)
  to   space 2048K, 0% used [0x00000000ec080000,0x00000000ec080000,0x00000000ec280000)
 ParOldGen       total 68608K, used 26515K [0x00000000c0000000, 0x00000000c4300000, 0x00000000eab00000)
  object space 68608K, 38% used [0x00000000c0000000,0x00000000c19e4f60,0x00000000c4300000)
 Metaspace       used 50013K, committed 51072K, reserved 1114112K
  class space    used 5356K, committed 5824K, reserved 1048576K
}
Event: 16.191 GC heap after
{Heap after GC invocations=23 (full 2):
 PSYoungGen      total 24064K, used 1840K [0x00000000eab00000, 0x00000000ec480000, 0x0000000100000000)
  eden space 22016K, 0% used [0x00000000eab00000,0x00000000eab00000,0x00000000ec080000)
  from space 2048K, 89% used [0x00000000ec080000,0x00000000ec24c010,0x00000000ec280000)
  to   space 2048K, 0% used [0x00000000ec280000,0x00000000ec280000,0x00000000ec480000)
 ParOldGen       total 68608K, used 28169K [0x00000000c0000000, 0x00000000c4300000, 0x00000000eab00000)
  object space 68608K, 41% used [0x00000000c0000000,0x00000000c1b82748,0x00000000c4300000)
 Metaspace       used 50013K, committed 51072K, reserved 1114112K
  class space    used 5356K, committed 5824K, reserved 1048576K
}
Event: 16.335 GC heap before
{Heap before GC invocations=24 (full 2):
 PSYoungGen      total 24064K, used 23856K [0x00000000eab00000, 0x00000000ec480000, 0x0000000100000000)
  eden space 22016K, 100% used [0x00000000eab00000,0x00000000ec080000,0x00000000ec080000)
  from space 2048K, 89% used [0x00000000ec080000,0x00000000ec24c010,0x00000000ec280000)
  to   space 2048K, 0% used [0x00000000ec280000,0x00000000ec280000,0x00000000ec480000)
 ParOldGen       total 68608K, used 28169K [0x00000000c0000000, 0x00000000c4300000, 0x00000000eab00000)
  object space 68608K, 41% used [0x00000000c0000000,0x00000000c1b82748,0x00000000c4300000)
 Metaspace       used 50253K, committed 51264K, reserved 1114112K
  class space    used 5388K, committed 5824K, reserved 1048576K
}
Event: 16.338 GC heap after
{Heap after GC invocations=24 (full 2):
 PSYoungGen      total 21504K, used 2018K [0x00000000eab00000, 0x00000000ec980000, 0x0000000100000000)
  eden space 19456K, 0% used [0x00000000eab00000,0x00000000eab00000,0x00000000ebe00000)
  from space 2048K, 98% used [0x00000000ec280000,0x00000000ec478868,0x00000000ec480000)
  to   space 4608K, 0% used [0x00000000ebe00000,0x00000000ebe00000,0x00000000ec280000)
 ParOldGen       total 68608K, used 30027K [0x00000000c0000000, 0x00000000c4300000, 0x00000000eab00000)
  object space 68608K, 43% used [0x00000000c0000000,0x00000000c1d52dc8,0x00000000c4300000)
 Metaspace       used 50253K, committed 51264K, reserved 1114112K
  class space    used 5388K, committed 5824K, reserved 1048576K
}
Event: 16.402 GC heap before
{Heap before GC invocations=25 (full 2):
 PSYoungGen      total 21504K, used 21474K [0x00000000eab00000, 0x00000000ec980000, 0x0000000100000000)
  eden space 19456K, 100% used [0x00000000eab00000,0x00000000ebe00000,0x00000000ebe00000)
  from space 2048K, 98% used [0x00000000ec280000,0x00000000ec478868,0x00000000ec480000)
  to   space 4608K, 0% used [0x00000000ebe00000,0x00000000ebe00000,0x00000000ec280000)
 ParOldGen       total 68608K, used 30027K [0x00000000c0000000, 0x00000000c4300000, 0x00000000eab00000)
  object space 68608K, 43% used [0x00000000c0000000,0x00000000c1d52dc8,0x00000000c4300000)
 Metaspace       used 50259K, committed 51264K, reserved 1114112K
  class space    used 5388K, committed 5824K, reserved 1048576K
}
Event: 16.410 GC heap after
{Heap after GC invocations=25 (full 2):
 PSYoungGen      total 22528K, used 2752K [0x00000000eab00000, 0x00000000ec500000, 0x0000000100000000)
  eden space 19456K, 0% used [0x00000000eab00000,0x00000000eab00000,0x00000000ebe00000)
  from space 3072K, 89% used [0x00000000ebe00000,0x00000000ec0b0010,0x00000000ec100000)
  to   space 3584K, 0% used [0x00000000ec180000,0x00000000ec180000,0x00000000ec500000)
 ParOldGen       total 68608K, used 31811K [0x00000000c0000000, 0x00000000c4300000, 0x00000000eab00000)
  object space 68608K, 46% used [0x00000000c0000000,0x00000000c1f10e30,0x00000000c4300000)
 Metaspace       used 50259K, committed 51264K, reserved 1114112K
  class space    used 5388K, committed 5824K, reserved 1048576K
}
Event: 16.459 GC heap before
{Heap before GC invocations=26 (full 2):
 PSYoungGen      total 22528K, used 22208K [0x00000000eab00000, 0x00000000ec500000, 0x0000000100000000)
  eden space 19456K, 100% used [0x00000000eab00000,0x00000000ebe00000,0x00000000ebe00000)
  from space 3072K, 89% used [0x00000000ebe00000,0x00000000ec0b0010,0x00000000ec100000)
  to   space 3584K, 0% used [0x00000000ec180000,0x00000000ec180000,0x00000000ec500000)
 ParOldGen       total 68608K, used 31811K [0x00000000c0000000, 0x00000000c4300000, 0x00000000eab00000)
  object space 68608K, 46% used [0x00000000c0000000,0x00000000c1f10e30,0x00000000c4300000)
 Metaspace       used 50259K, committed 51264K, reserved 1114112K
  class space    used 5388K, committed 5824K, reserved 1048576K
}
Event: 16.465 GC heap after
{Heap after GC invocations=26 (full 2):
 PSYoungGen      total 21504K, used 1600K [0x00000000eab00000, 0x00000000ec380000, 0x0000000100000000)
  eden space 19456K, 0% used [0x00000000eab00000,0x00000000eab00000,0x00000000ebe00000)
  from space 2048K, 78% used [0x00000000ec180000,0x00000000ec310000,0x00000000ec380000)
  to   space 2560K, 0% used [0x00000000ebe80000,0x00000000ebe80000,0x00000000ec100000)
 ParOldGen       total 68608K, used 34499K [0x00000000c0000000, 0x00000000c4300000, 0x00000000eab00000)
  object space 68608K, 50% used [0x00000000c0000000,0x00000000c21b0e40,0x00000000c4300000)
 Metaspace       used 50259K, committed 51264K, reserved 1114112K
  class space    used 5388K, committed 5824K, reserved 1048576K
}
Event: 16.819 GC heap before
{Heap before GC invocations=27 (full 2):
 PSYoungGen      total 21504K, used 21056K [0x00000000eab00000, 0x00000000ec380000, 0x0000000100000000)
  eden space 19456K, 100% used [0x00000000eab00000,0x00000000ebe00000,0x00000000ebe00000)
  from space 2048K, 78% used [0x00000000ec180000,0x00000000ec310000,0x00000000ec380000)
  to   space 2560K, 0% used [0x00000000ebe80000,0x00000000ebe80000,0x00000000ec100000)
 ParOldGen       total 68608K, used 34499K [0x00000000c0000000, 0x00000000c4300000, 0x00000000eab00000)
  object space 68608K, 50% used [0x00000000c0000000,0x00000000c21b0e40,0x00000000c4300000)
 Metaspace       used 50772K, committed 51840K, reserved 1114112K
  class space    used 5419K, committed 5888K, reserved 1048576K
}
Event: 16.825 GC heap after
{Heap after GC invocations=27 (full 2):
 PSYoungGen      total 22016K, used 2544K [0x00000000eab00000, 0x00000000ec800000, 0x0000000100000000)
  eden space 19456K, 0% used [0x00000000eab00000,0x00000000eab00000,0x00000000ebe00000)
  from space 2560K, 99% used [0x00000000ebe80000,0x00000000ec0fc2d0,0x00000000ec100000)
  to   space 5120K, 0% used [0x00000000ec300000,0x00000000ec300000,0x00000000ec800000)
 ParOldGen       total 68608K, used 36192K [0x00000000c0000000, 0x00000000c4300000, 0x00000000eab00000)
  object space 68608K, 52% used [0x00000000c0000000,0x00000000c2358198,0x00000000c4300000)
 Metaspace       used 50772K, committed 51840K, reserved 1114112K
  class space    used 5419K, committed 5888K, reserved 1048576K
}
Event: 17.560 GC heap before
{Heap before GC invocations=28 (full 2):
 PSYoungGen      total 22016K, used 22000K [0x00000000eab00000, 0x00000000ec800000, 0x0000000100000000)
  eden space 19456K, 100% used [0x00000000eab00000,0x00000000ebe00000,0x00000000ebe00000)
  from space 2560K, 99% used [0x00000000ebe80000,0x00000000ec0fc2d0,0x00000000ec100000)
  to   space 5120K, 0% used [0x00000000ec300000,0x00000000ec300000,0x00000000ec800000)
 ParOldGen       total 68608K, used 36192K [0x00000000c0000000, 0x00000000c4300000, 0x00000000eab00000)
  object space 68608K, 52% used [0x00000000c0000000,0x00000000c2358198,0x00000000c4300000)
 Metaspace       used 50881K, committed 51904K, reserved 1114112K
  class space    used 5434K, committed 5888K, reserved 1048576K
}
Event: 17.564 GC heap after
{Heap after GC invocations=28 (full 2):
 PSYoungGen      total 20480K, used 877K [0x00000000eab00000, 0x00000000ec400000, 0x0000000100000000)
  eden space 19456K, 0% used [0x00000000eab00000,0x00000000eab00000,0x00000000ebe00000)
  from space 1024K, 85% used [0x00000000ec300000,0x00000000ec3db510,0x00000000ec400000)
  to   space 2560K, 0% used [0x00000000ebf00000,0x00000000ebf00000,0x00000000ec180000)
 ParOldGen       total 68608K, used 37888K [0x00000000c0000000, 0x00000000c4300000, 0x00000000eab00000)
  object space 68608K, 55% used [0x00000000c0000000,0x00000000c2500198,0x00000000c4300000)
 Metaspace       used 50881K, committed 51904K, reserved 1114112K
  class space    used 5434K, committed 5888K, reserved 1048576K
}
Event: 18.538 GC heap before
{Heap before GC invocations=29 (full 2):
 PSYoungGen      total 20480K, used 20333K [0x00000000eab00000, 0x00000000ec400000, 0x0000000100000000)
  eden space 19456K, 100% used [0x00000000eab00000,0x00000000ebe00000,0x00000000ebe00000)
  from space 1024K, 85% used [0x00000000ec300000,0x00000000ec3db510,0x00000000ec400000)
  to   space 2560K, 0% used [0x00000000ebf00000,0x00000000ebf00000,0x00000000ec180000)
 ParOldGen       total 68608K, used 37888K [0x00000000c0000000, 0x00000000c4300000, 0x00000000eab00000)
  object space 68608K, 55% used [0x00000000c0000000,0x00000000c2500198,0x00000000c4300000)
 Metaspace       used 52891K, committed 53952K, reserved 1114112K
  class space    used 5645K, committed 6080K, reserved 1048576K
}
Event: 18.541 GC heap after
{Heap after GC invocations=29 (full 2):
 PSYoungGen      total 22016K, used 645K [0x00000000eab00000, 0x00000000ec380000, 0x0000000100000000)
  eden space 19456K, 0% used [0x00000000eab00000,0x00000000eab00000,0x00000000ebe00000)
  from space 2560K, 25% used [0x00000000ebf00000,0x00000000ebfa1420,0x00000000ec180000)
  to   space 1024K, 0% used [0x00000000ec280000,0x00000000ec280000,0x00000000ec380000)
 ParOldGen       total 68608K, used 38733K [0x00000000c0000000, 0x00000000c4300000, 0x00000000eab00000)
  object space 68608K, 56% used [0x00000000c0000000,0x00000000c25d36a8,0x00000000c4300000)
 Metaspace       used 52891K, committed 53952K, reserved 1114112K
  class space    used 5645K, committed 6080K, reserved 1048576K
}

