# JRE version: Java(TM) SE Runtime Environment (21.0.1+12) (build 21.0.1+12-LTS-29)
# Java VM: Java HotSpot(TM) 64-Bit Server VM (21.0.1+12-LTS-29, mixed mode, sharing, tiered, compressed oops, compressed class ptrs, parallel gc, windows-amd64)
GC Precious Log:
 CardTable entry size: 512
 CPUs: 4 total, 4 available
 Memory: 16275M
 Large Page Support: Disabled
 NUMA Support: Disabled
 Compressed Oops: Enabled (32-bit)
 Alignments: Space 512K, Generation 512K, Heap 2M
 Heap Min Capacity: 100M
 Heap Initial Capacity: 100M
 Heap Max Capacity: 1G
 Pre-touch: Disabled
 Parallel Workers: 4
Heap:
 PSYoungGen      total 22528K, used 14530K [0x00000000eab00000, 0x00000000ec980000, 0x0000000100000000)
  eden space 20992K, 62% used [0x00000000eab00000,0x00000000eb7b8a48,0x00000000ebf80000)
  from space 1536K, 97% used [0x00000000ec400000,0x00000000ec578010,0x00000000ec580000)
  to   space 4608K, 0% used [0x00000000ebf80000,0x00000000ebf80000,0x00000000ec400000)
 ParOldGen       total 68608K, used 25035K [0x00000000c0000000, 0x00000000c4300000, 0x00000000eab00000)
  object space 68608K, 36% used [0x00000000c0000000,0x00000000c1872d58,0x00000000c4300000)
 Metaspace       used 30551K, committed 31360K, reserved 1114112K
  class space    used 2991K, committed 3392K, reserved 1048576K
GC Heap History (20 events):
Event: 7.517 GC heap before
{Heap before GC invocations=6 (full 0):
 PSYoungGen      total 29184K, used 12798K [0x00000000eab00000, 0x00000000ed080000, 0x0000000100000000)
  eden space 25088K, 34% used [0x00000000eab00000,0x00000000eb383410,0x00000000ec380000)
  from space 4096K, 99% used [0x00000000ec400000,0x00000000ec7fc708,0x00000000ec800000)
  to   space 6656K, 0% used [0x00000000eca00000,0x00000000eca00000,0x00000000ed080000)
 ParOldGen       total 68608K, used 5709K [0x00000000c0000000, 0x00000000c4300000, 0x00000000eab00000)
  object space 68608K, 8% used [0x00000000c0000000,0x00000000c0593528,0x00000000c4300000)
 Metaspace       used 20991K, committed 21504K, reserved 1114112K
  class space    used 1916K, committed 2112K, reserved 1048576K
}
Event: 7.524 GC heap after
{Heap after GC invocations=6 (full 0):
 PSYoungGen      total 29696K, used 4426K [0x00000000eab00000, 0x00000000ece80000, 0x0000000100000000)
  eden space 25088K, 0% used [0x00000000eab00000,0x00000000eab00000,0x00000000ec380000)
  from space 4608K, 96% used [0x00000000eca00000,0x00000000ece52970,0x00000000ece80000)
  to   space 5120K, 0% used [0x00000000ec480000,0x00000000ec480000,0x00000000ec980000)
 ParOldGen       total 68608K, used 5709K [0x00000000c0000000, 0x00000000c4300000, 0x00000000eab00000)
  object space 68608K, 8% used [0x00000000c0000000,0x00000000c0593528,0x00000000c4300000)
 Metaspace       used 20991K, committed 21504K, reserved 1114112K
  class space    used 1916K, committed 2112K, reserved 1048576K
}
Event: 7.524 GC heap before
{Heap before GC invocations=7 (full 1):
 PSYoungGen      total 29696K, used 4426K [0x00000000eab00000, 0x00000000ece80000, 0x0000000100000000)
  eden space 25088K, 0% used [0x00000000eab00000,0x00000000eab00000,0x00000000ec380000)
  from space 4608K, 96% used [0x00000000eca00000,0x00000000ece52970,0x00000000ece80000)
  to   space 5120K, 0% used [0x00000000ec480000,0x00000000ec480000,0x00000000ec980000)
 ParOldGen       total 68608K, used 5709K [0x00000000c0000000, 0x00000000c4300000, 0x00000000eab00000)
  object space 68608K, 8% used [0x00000000c0000000,0x00000000c0593528,0x00000000c4300000)
 Metaspace       used 20991K, committed 21504K, reserved 1114112K
  class space    used 1916K, committed 2112K, reserved 1048576K
}
Event: 7.570 GC heap after
{Heap after GC invocations=7 (full 1):
 PSYoungGen      total 29696K, used 0K [0x00000000eab00000, 0x00000000ece80000, 0x0000000100000000)
  eden space 25088K, 0% used [0x00000000eab00000,0x00000000eab00000,0x00000000ec380000)
  from space 4608K, 0% used [0x00000000eca00000,0x00000000eca00000,0x00000000ece80000)
  to   space 5120K, 0% used [0x00000000ec480000,0x00000000ec480000,0x00000000ec980000)
 ParOldGen       total 68608K, used 9861K [0x00000000c0000000, 0x00000000c4300000, 0x00000000eab00000)
  object space 68608K, 14% used [0x00000000c0000000,0x00000000c09a1700,0x00000000c4300000)
 Metaspace       used 20978K, committed 21504K, reserved 1114112K
  class space    used 1912K, committed 2112K, reserved 1048576K
}
Event: 9.386 GC heap before
{Heap before GC invocations=8 (full 1):
 PSYoungGen      total 29696K, used 25088K [0x00000000eab00000, 0x00000000ece80000, 0x0000000100000000)
  eden space 25088K, 100% used [0x00000000eab00000,0x00000000ec380000,0x00000000ec380000)
  from space 4608K, 0% used [0x00000000eca00000,0x00000000eca00000,0x00000000ece80000)
  to   space 5120K, 0% used [0x00000000ec480000,0x00000000ec480000,0x00000000ec980000)
 ParOldGen       total 68608K, used 9861K [0x00000000c0000000, 0x00000000c4300000, 0x00000000eab00000)
  object space 68608K, 14% used [0x00000000c0000000,0x00000000c09a1700,0x00000000c4300000)
 Metaspace       used 24615K, committed 25280K, reserved 1114112K
  class space    used 2310K, committed 2560K, reserved 1048576K
}
Event: 9.390 GC heap after
{Heap after GC invocations=8 (full 1):
 PSYoungGen      total 28160K, used 3087K [0x00000000eab00000, 0x00000000ecb00000, 0x0000000100000000)
  eden space 24576K, 0% used [0x00000000eab00000,0x00000000eab00000,0x00000000ec300000)
  from space 3584K, 86% used [0x00000000ec480000,0x00000000ec783dc0,0x00000000ec800000)
  to   space 3072K, 0% used [0x00000000ec800000,0x00000000ec800000,0x00000000ecb00000)
 ParOldGen       total 68608K, used 9869K [0x00000000c0000000, 0x00000000c4300000, 0x00000000eab00000)
  object space 68608K, 14% used [0x00000000c0000000,0x00000000c09a3700,0x00000000c4300000)
 Metaspace       used 24615K, committed 25280K, reserved 1114112K
  class space    used 2310K, committed 2560K, reserved 1048576K
}
Event: 10.347 GC heap before
{Heap before GC invocations=9 (full 1):
 PSYoungGen      total 28160K, used 27663K [0x00000000eab00000, 0x00000000ecb00000, 0x0000000100000000)
  eden space 24576K, 100% used [0x00000000eab00000,0x00000000ec300000,0x00000000ec300000)
  from space 3584K, 86% used [0x00000000ec480000,0x00000000ec783dc0,0x00000000ec800000)
  to   space 3072K, 0% used [0x00000000ec800000,0x00000000ec800000,0x00000000ecb00000)
 ParOldGen       total 68608K, used 9869K [0x00000000c0000000, 0x00000000c4300000, 0x00000000eab00000)
  object space 68608K, 14% used [0x00000000c0000000,0x00000000c09a3700,0x00000000c4300000)
 Metaspace       used 27586K, committed 28352K, reserved 1114112K
  class space    used 2661K, committed 3008K, reserved 1048576K
}
Event: 10.352 GC heap after
{Heap after GC invocations=9 (full 1):
 PSYoungGen      total 27136K, used 3051K [0x00000000eab00000, 0x00000000ecc80000, 0x0000000100000000)
  eden space 24064K, 0% used [0x00000000eab00000,0x00000000eab00000,0x00000000ec280000)
  from space 3072K, 99% used [0x00000000ec800000,0x00000000ecafae00,0x00000000ecb00000)
  to   space 5120K, 0% used [0x00000000ec280000,0x00000000ec280000,0x00000000ec780000)
 ParOldGen       total 68608K, used 11509K [0x00000000c0000000, 0x00000000c4300000, 0x00000000eab00000)
  object space 68608K, 16% used [0x00000000c0000000,0x00000000c0b3d6a8,0x00000000c4300000)
 Metaspace       used 27586K, committed 28352K, reserved 1114112K
  class space    used 2661K, committed 3008K, reserved 1048576K
}
Event: 12.033 GC heap before
{Heap before GC invocations=10 (full 1):
 PSYoungGen      total 27136K, used 27115K [0x00000000eab00000, 0x00000000ecc80000, 0x0000000100000000)
  eden space 24064K, 99% used [0x00000000eab00000,0x00000000ec27ffc0,0x00000000ec280000)
  from space 3072K, 99% used [0x00000000ec800000,0x00000000ecafae00,0x00000000ecb00000)
  to   space 5120K, 0% used [0x00000000ec280000,0x00000000ec280000,0x00000000ec780000)
 ParOldGen       total 68608K, used 11509K [0x00000000c0000000, 0x00000000c4300000, 0x00000000eab00000)
  object space 68608K, 16% used [0x00000000c0000000,0x00000000c0b3d6a8,0x00000000c4300000)
 Metaspace       used 30148K, committed 30912K, reserved 1114112K
  class space    used 2946K, committed 3328K, reserved 1048576K
}
Event: 12.037 GC heap after
{Heap after GC invocations=10 (full 1):
 PSYoungGen      total 28672K, used 5117K [0x00000000eab00000, 0x00000000ecd00000, 0x0000000100000000)
  eden space 23552K, 0% used [0x00000000eab00000,0x00000000eab00000,0x00000000ec200000)
  from space 5120K, 99% used [0x00000000ec280000,0x00000000ec77f6f8,0x00000000ec780000)
  to   space 5632K, 0% used [0x00000000ec780000,0x00000000ec780000,0x00000000ecd00000)
 ParOldGen       total 68608K, used 11677K [0x00000000c0000000, 0x00000000c4300000, 0x00000000eab00000)
  object space 68608K, 17% used [0x00000000c0000000,0x00000000c0b676a8,0x00000000c4300000)
 Metaspace       used 30148K, committed 30912K, reserved 1114112K
  class space    used 2946K, committed 3328K, reserved 1048576K
}
Event: 13.081 GC heap before
{Heap before GC invocations=11 (full 1):
 PSYoungGen      total 28672K, used 28669K [0x00000000eab00000, 0x00000000ecd00000, 0x0000000100000000)
  eden space 23552K, 100% used [0x00000000eab00000,0x00000000ec200000,0x00000000ec200000)
  from space 5120K, 99% used [0x00000000ec280000,0x00000000ec77f6f8,0x00000000ec780000)
  to   space 5632K, 0% used [0x00000000ec780000,0x00000000ec780000,0x00000000ecd00000)
 ParOldGen       total 68608K, used 11677K [0x00000000c0000000, 0x00000000c4300000, 0x00000000eab00000)
  object space 68608K, 17% used [0x00000000c0000000,0x00000000c0b676a8,0x00000000c4300000)
 Metaspace       used 30352K, committed 31168K, reserved 1114112K
  class space    used 2968K, committed 3392K, reserved 1048576K
}
Event: 13.090 GC heap after
{Heap after GC invocations=11 (full 1):
 PSYoungGen      total 27648K, used 4132K [0x00000000eab00000, 0x00000000ecc00000, 0x0000000100000000)
  eden space 23040K, 0% used [0x00000000eab00000,0x00000000eab00000,0x00000000ec180000)
  from space 4608K, 89% used [0x00000000ec780000,0x00000000ecb890c0,0x00000000ecc00000)
  to   space 4608K, 0% used [0x00000000ec300000,0x00000000ec300000,0x00000000ec780000)
 ParOldGen       total 68608K, used 14663K [0x00000000c0000000, 0x00000000c4300000, 0x00000000eab00000)
  object space 68608K, 21% used [0x00000000c0000000,0x00000000c0e51cc8,0x00000000c4300000)
 Metaspace       used 30352K, committed 31168K, reserved 1114112K
  class space    used 2968K, committed 3392K, reserved 1048576K
}
Event: 13.648 GC heap before
{Heap before GC invocations=12 (full 1):
 PSYoungGen      total 27648K, used 27172K [0x00000000eab00000, 0x00000000ecc00000, 0x0000000100000000)
  eden space 23040K, 100% used [0x00000000eab00000,0x00000000ec180000,0x00000000ec180000)
  from space 4608K, 89% used [0x00000000ec780000,0x00000000ecb890c0,0x00000000ecc00000)
  to   space 4608K, 0% used [0x00000000ec300000,0x00000000ec300000,0x00000000ec780000)
 ParOldGen       total 68608K, used 14663K [0x00000000c0000000, 0x00000000c4300000, 0x00000000eab00000)
  object space 68608K, 21% used [0x00000000c0000000,0x00000000c0e51cc8,0x00000000c4300000)
 Metaspace       used 30428K, committed 31296K, reserved 1114112K
  class space    used 2981K, committed 3392K, reserved 1048576K
}
Event: 13.655 GC heap after
{Heap after GC invocations=12 (full 1):
 PSYoungGen      total 24576K, used 1984K [0x00000000eab00000, 0x00000000ec800000, 0x0000000100000000)
  eden space 22528K, 0% used [0x00000000eab00000,0x00000000eab00000,0x00000000ec100000)
  from space 2048K, 96% used [0x00000000ec300000,0x00000000ec4f0010,0x00000000ec500000)
  to   space 3072K, 0% used [0x00000000ec500000,0x00000000ec500000,0x00000000ec800000)
 ParOldGen       total 68608K, used 18628K [0x00000000c0000000, 0x00000000c4300000, 0x00000000eab00000)
  object space 68608K, 27% used [0x00000000c0000000,0x00000000c12313f0,0x00000000c4300000)
 Metaspace       used 30428K, committed 31296K, reserved 1114112K
  class space    used 2981K, committed 3392K, reserved 1048576K
}
Event: 13.795 GC heap before
{Heap before GC invocations=13 (full 1):
 PSYoungGen      total 24576K, used 24512K [0x00000000eab00000, 0x00000000ec800000, 0x0000000100000000)
  eden space 22528K, 100% used [0x00000000eab00000,0x00000000ec100000,0x00000000ec100000)
  from space 2048K, 96% used [0x00000000ec300000,0x00000000ec4f0010,0x00000000ec500000)
  to   space 3072K, 0% used [0x00000000ec500000,0x00000000ec500000,0x00000000ec800000)
 ParOldGen       total 68608K, used 18628K [0x00000000c0000000, 0x00000000c4300000, 0x00000000eab00000)
  object space 68608K, 27% used [0x00000000c0000000,0x00000000c12313f0,0x00000000c4300000)
 Metaspace       used 30433K, committed 31296K, reserved 1114112K
  class space    used 2981K, committed 3392K, reserved 1048576K
}
Event: 13.799 GC heap after
{Heap after GC invocations=13 (full 1):
 PSYoungGen      total 24064K, used 1952K [0x00000000eab00000, 0x00000000ec700000, 0x0000000100000000)
  eden space 22016K, 0% used [0x00000000eab00000,0x00000000eab00000,0x00000000ec080000)
  from space 2048K, 95% used [0x00000000ec500000,0x00000000ec6e8000,0x00000000ec700000)
  to   space 2560K, 0% used [0x00000000ec200000,0x00000000ec200000,0x00000000ec480000)
 ParOldGen       total 68608K, used 20587K [0x00000000c0000000, 0x00000000c4300000, 0x00000000eab00000)
  object space 68608K, 30% used [0x00000000c0000000,0x00000000c141ad58,0x00000000c4300000)
 Metaspace       used 30433K, committed 31296K, reserved 1114112K
  class space    used 2981K, committed 3392K, reserved 1048576K
}
Event: 13.928 GC heap before
{Heap before GC invocations=14 (full 1):
 PSYoungGen      total 24064K, used 23968K [0x00000000eab00000, 0x00000000ec700000, 0x0000000100000000)
  eden space 22016K, 100% used [0x00000000eab00000,0x00000000ec080000,0x00000000ec080000)
  from space 2048K, 95% used [0x00000000ec500000,0x00000000ec6e8000,0x00000000ec700000)
  to   space 2560K, 0% used [0x00000000ec200000,0x00000000ec200000,0x00000000ec480000)
 ParOldGen       total 68608K, used 20587K [0x00000000c0000000, 0x00000000c4300000, 0x00000000eab00000)
  object space 68608K, 30% used [0x00000000c0000000,0x00000000c141ad58,0x00000000c4300000)
 Metaspace       used 30433K, committed 31296K, reserved 1114112K
  class space    used 2981K, committed 3392K, reserved 1048576K
}
Event: 13.932 GC heap after
{Heap after GC invocations=14 (full 1):
 PSYoungGen      total 24064K, used 2048K [0x00000000eab00000, 0x00000000ec580000, 0x0000000100000000)
  eden space 22016K, 0% used [0x00000000eab00000,0x00000000eab00000,0x00000000ec080000)
  from space 2048K, 100% used [0x00000000ec200000,0x00000000ec400000,0x00000000ec400000)
  to   space 1536K, 0% used [0x00000000ec400000,0x00000000ec400000,0x00000000ec580000)
 ParOldGen       total 68608K, used 22483K [0x00000000c0000000, 0x00000000c4300000, 0x00000000eab00000)
  object space 68608K, 32% used [0x00000000c0000000,0x00000000c15f4d58,0x00000000c4300000)
 Metaspace       used 30433K, committed 31296K, reserved 1114112K
  class space    used 2981K, committed 3392K, reserved 1048576K
}
Event: 14.051 GC heap before
{Heap before GC invocations=15 (full 1):
 PSYoungGen      total 24064K, used 24064K [0x00000000eab00000, 0x00000000ec580000, 0x0000000100000000)
  eden space 22016K, 100% used [0x00000000eab00000,0x00000000ec080000,0x00000000ec080000)
  from space 2048K, 100% used [0x00000000ec200000,0x00000000ec400000,0x00000000ec400000)
  to   space 1536K, 0% used [0x00000000ec400000,0x00000000ec400000,0x00000000ec580000)
 ParOldGen       total 68608K, used 22483K [0x00000000c0000000, 0x00000000c4300000, 0x00000000eab00000)
  object space 68608K, 32% used [0x00000000c0000000,0x00000000c15f4d58,0x00000000c4300000)
 Metaspace       used 30433K, committed 31296K, reserved 1114112K
  class space    used 2981K, committed 3392K, reserved 1048576K
}
Event: 14.056 GC heap after
{Heap after GC invocations=15 (full 1):
 PSYoungGen      total 22528K, used 1504K [0x00000000eab00000, 0x00000000ec980000, 0x0000000100000000)
  eden space 20992K, 0% used [0x00000000eab00000,0x00000000eab00000,0x00000000ebf80000)
  from space 1536K, 97% used [0x00000000ec400000,0x00000000ec578010,0x00000000ec580000)
  to   space 4608K, 0% used [0x00000000ebf80000,0x00000000ebf80000,0x00000000ec400000)
 ParOldGen       total 68608K, used 25035K [0x00000000c0000000, 0x00000000c4300000, 0x00000000eab00000)
  object space 68608K, 36% used [0x00000000c0000000,0x00000000c1872d58,0x00000000c4300000)
 Metaspace       used 30433K, committed 31296K, reserved 1114112K
  class space    used 2981K, committed 3392K, reserved 1048576K
}

